[ 50%] [32mBuilding CXX object CMakeFiles/speed_pub_node.dir/src/speed_pub_node.cpp.o[0m
[01m[K/home/niles/ros2_ws/src/speed_pub/src/speed_pub_node.cpp:42:38:[m[K [01;31m[Kerror: [m[Kâ€˜[01m[KInt32MultiArray[m[Kâ€™ is not a member of â€˜[01m[Kstd_msgs::msg[m[Kâ€™; did you mean â€˜[01m[KFloat64MultiArray[m[Kâ€™?
   42 |     rclcpp::Publisher<std_msgs::msg::[01;31m[KInt32MultiArray[m[K>::SharedPtr publisher_;
      |                                      [01;31m[K^~~~~~~~~~~~~~~[m[K
      |                                      [32m[KFloat64MultiArray[m[K
[01m[K/home/niles/ros2_ws/src/speed_pub/src/speed_pub_node.cpp:42:53:[m[K [01;31m[Kerror: [m[Ktemplate argument 1 is invalid
   42 |     rclcpp::Publisher<std_msgs::msg::Int32MultiArray[01;31m[K>[m[K::SharedPtr publisher_;
      |                                                     [01;31m[K^[m[K
[01m[K/home/niles/ros2_ws/src/speed_pub/src/speed_pub_node.cpp:42:56:[m[K [01;31m[Kerror: [m[Kexpected â€˜[01m[K;[m[Kâ€™ at end of member declaration
   42 |     rclcpp::Publisher<std_msgs::msg::Int32MultiArray>::[01;31m[KSharedPtr[m[K publisher_;
      |                                                        [01;31m[K^~~~~~~~~[m[K
      |                                                                 [32m[K;[m[K
[01m[K/home/niles/ros2_ws/src/speed_pub/src/speed_pub_node.cpp:42:66:[m[K [01;31m[Kerror: [m[Kâ€˜[01m[Kpublisher_[m[Kâ€™ does not name a type; did you mean â€˜[01m[Krmw_publisher_t[m[Kâ€™?
   42 | clcpp::Publisher<std_msgs::msg::Int32MultiArray>::SharedPtr [01;31m[Kpublisher_[m[K;
      |                                                             [01;31m[K^~~~~~~~~~[m[K
      |                                                             [32m[Krmw_publisher_t[m[K
[01m[K/home/niles/ros2_ws/src/speed_pub/src/speed_pub_node.cpp:[m[K In constructor â€˜[01m[KSpeedPubNode::[01;32m[KSpeedPubNode[m[K()[m[Kâ€™:
[01m[K/home/niles/ros2_ws/src/speed_pub/src/speed_pub_node.cpp:18:13:[m[K [01;31m[Kerror: [m[Kâ€˜[01m[Ktarget_speed_publisher_[m[Kâ€™ was not declared in this scope
   18 |             [01;31m[Ktarget_speed_publisher_[m[K = this->create_publisher<std_msgs::msg::Float64MultiArray>("target_speed", 10);
      |             [01;31m[K^~~~~~~~~~~~~~~~~~~~~~~[m[K
[01m[K/home/niles/ros2_ws/src/speed_pub/src/speed_pub_node.cpp:[m[K In member function â€˜[01m[Kvoid SpeedPubNode::[01;32m[Kset_target_speed[m[K(geometry_msgs::msg::Twist_<std::allocator<void> >::SharedPtr)[m[Kâ€™:
[01m[K/home/niles/ros2_ws/src/speed_pub/src/speed_pub_node.cpp:30:38:[m[K [01;31m[Kerror: [m[Kâ€˜[01m[Kwheel_base_[m[Kâ€™ was not declared in this scope; did you mean â€˜[01m[Kwheel_base[m[Kâ€™?
   30 |         left_speed = msg->linear.x + [01;31m[Kwheel_base_[m[K*msg->angular.z;
      |                                      [01;31m[K^~~~~~~~~~~[m[K
      |                                      [32m[Kwheel_base[m[K
In file included from [01m[K/opt/ros/jazzy/include/rclcpp/rclcpp/logging.hpp:24[m[K,
                 from [01m[K/opt/ros/jazzy/include/rclcpp/rclcpp/copy_all_parameter_values.hpp:27[m[K,
                 from [01m[K/opt/ros/jazzy/include/rclcpp/rclcpp/rclcpp.hpp:171[m[K,
                 from [01m[K/home/niles/ros2_ws/src/speed_pub/src/speed_pub_node.cpp:6[m[K:
[01m[K/home/niles/ros2_ws/src/speed_pub/src/speed_pub_node.cpp:[m[K In member function â€˜[01m[Kvoid SpeedPubNode::[01;32m[Ktimer_callback[m[K()[m[Kâ€™:
[01m[K/home/niles/ros2_ws/src/speed_pub/src/speed_pub_node.cpp:39:67:[m[K [01;31m[Kerror: [m[Kâ€˜[01m[Kmessage[m[Kâ€™ was not declared in this scope
   39 |   RCLCPP_INFO(this->get_logger(), "Publishing: '%f', '%f'", [01;31m[Kmessage[m[K.data[0], message.data[1]);
      |                                                             [01;31m[K^~~~~~~[m[K

[01m[K/home/niles/ros2_ws/src/speed_pub/src/speed_pub_node.cpp:40:9:[m[K [01;31m[Kerror: [m[Kâ€˜[01m[Ktarget_speed_publisher_[m[Kâ€™ was not declared in this scope
   40 |         [01;31m[Ktarget_speed_publisher_[m[K->publish(msg);
      |         [01;31m[K^~~~~~~~~~~~~~~~~~~~~~~[m[K
gmake[2]: *** [CMakeFiles/speed_pub_node.dir/build.make:76: CMakeFiles/speed_pub_node.dir/src/speed_pub_node.cpp.o] Error 1
gmake[1]: *** [CMakeFiles/Makefile2:137: CMakeFiles/speed_pub_node.dir/all] Error 2
gmake: *** [Makefile:146: all] Error 2
