[0.015s] Invoking command in '/home/niles/ros2_ws/build/roboteq_controller': CMAKE_PREFIX_PATH=/opt/ros/jazzy:/home/niles/ros2_ws/install/serial:${CMAKE_PREFIX_PATH} CONDA_PROMPT_MODIFIER=(rss) DEBUGINFOD_URLS=https://debuginfod.ubuntu.com PKG_CONFIG_PATH=/home/niles/ros2_ws/install/serial/lib/x86_64-linux-gnu/pkgconfig:/home/niles/ros2_ws/install/serial/lib/pkgconfig ROS_PACKAGE_PATH=/home/niles/ros2_ws/install/serial/share /usr/bin/cmake --build /home/niles/ros2_ws/build/roboteq_controller -- -j16 -l16
[0.074s] [ 50%] [32mBuilding CXX object CMakeFiles/speed_control_node.dir/src/speed_control_node.cpp.o[0m
[1.548s] [01m[K/home/niles/ros2_ws/src/roboteq_controller/src/speed_control_node.cpp:[m[K In constructor â€˜[01m[KSpeedControlNode::[01;32m[KSpeedControlNode[m[K()[m[Kâ€™:
[1.548s] [01m[K/home/niles/ros2_ws/src/roboteq_controller/src/speed_control_node.cpp:39:21:[m[K [01;35m[Kwarning: [m[Kâ€˜[01m[KSpeedControlNode::port_[m[Kâ€™ will be initialized after [[01;35m[K]8;;https://gcc.gnu.org/onlinedocs/gcc/Warning-Options.html#index-Wreorder-Wreorder]8;;[m[K]
[1.548s]    39 |         std::string [01;35m[Kport_[m[K;
[1.548s]       |                     [01;35m[K^~~~~[m[K
[1.548s] [01m[K/home/niles/ros2_ws/src/roboteq_controller/src/speed_control_node.cpp:38:13:[m[K [01;35m[Kwarning: [m[K  â€˜[01m[Kint SpeedControlNode::baudrate_[m[Kâ€™ [[01;35m[K]8;;https://gcc.gnu.org/onlinedocs/gcc/Warning-Options.html#index-Wreorder-Wreorder]8;;[m[K]
[1.548s]    38 |         int [01;35m[Kbaudrate_[m[K;
[1.548s]       |             [01;35m[K^~~~~~~~~[m[K
[1.548s] [01m[K/home/niles/ros2_ws/src/roboteq_controller/src/speed_control_node.cpp:14:9:[m[K [01;35m[Kwarning: [m[K  when initialized here [[01;35m[K]8;;https://gcc.gnu.org/onlinedocs/gcc/Warning-Options.html#index-Wreorder-Wreorder]8;;[m[K]
[1.549s]    14 |         [01;35m[KSpeedControlNode[m[K() : Node("speed_control_node"), port_("/dev/ttyACM0"), baudrate_(115200), motor_channel_(1)
[1.549s]       |         [01;35m[K^~~~~~~~~~~~~~~~[m[K
[1.549s] [01m[K/home/niles/ros2_ws/src/roboteq_controller/src/speed_control_node.cpp:38:13:[m[K [01;35m[Kwarning: [m[Kâ€˜[01m[KSpeedControlNode::baudrate_[m[Kâ€™ will be initialized after [[01;35m[K]8;;https://gcc.gnu.org/onlinedocs/gcc/Warning-Options.html#index-Wreorder-Wreorder]8;;[m[K]
[1.549s]    38 |         int [01;35m[Kbaudrate_[m[K;
[1.549s]       |             [01;35m[K^~~~~~~~~[m[K
[1.549s] [01m[K/home/niles/ros2_ws/src/roboteq_controller/src/speed_control_node.cpp:37:13:[m[K [01;35m[Kwarning: [m[K  â€˜[01m[Kint SpeedControlNode::motor_channel_[m[Kâ€™ [[01;35m[K]8;;https://gcc.gnu.org/onlinedocs/gcc/Warning-Options.html#index-Wreorder-Wreorder]8;;[m[K]
[1.549s]    37 |         int [01;35m[Kmotor_channel_[m[K;
[1.549s]       |             [01;35m[K^~~~~~~~~~~~~~[m[K
[1.549s] [01m[K/home/niles/ros2_ws/src/roboteq_controller/src/speed_control_node.cpp:14:9:[m[K [01;35m[Kwarning: [m[K  when initialized here [[01;35m[K]8;;https://gcc.gnu.org/onlinedocs/gcc/Warning-Options.html#index-Wreorder-Wreorder]8;;[m[K]
[1.549s]    14 |         [01;35m[KSpeedControlNode[m[K() : Node("speed_control_node"), port_("/dev/ttyACM0"), baudrate_(115200), motor_channel_(1)
[1.549s]       |         [01;35m[K^~~~~~~~~~~~~~~~[m[K
[1.550s] [01m[K/home/niles/ros2_ws/src/roboteq_controller/src/speed_control_node.cpp:30:62:[m[K [01;31m[Kerror: [m[Kinvalid use of void expression
[1.550s]    30 |             timer_ = this->create_wall_timer(500ms, [01;31m[Kget_speed()[m[K);
[1.550s]       |                                                     [01;31m[K~~~~~~~~~^~[m[K
[2.209s] gmake[2]: *** [CMakeFiles/speed_control_node.dir/build.make:76: CMakeFiles/speed_control_node.dir/src/speed_control_node.cpp.o] Error 1
[2.209s] gmake[1]: *** [CMakeFiles/Makefile2:137: CMakeFiles/speed_control_node.dir/all] Error 2
[2.209s] gmake: *** [Makefile:146: all] Error 2
[2.214s] Invoked command in '/home/niles/ros2_ws/build/roboteq_controller' returned '2': CMAKE_PREFIX_PATH=/opt/ros/jazzy:/home/niles/ros2_ws/install/serial:${CMAKE_PREFIX_PATH} CONDA_PROMPT_MODIFIER=(rss) DEBUGINFOD_URLS=https://debuginfod.ubuntu.com PKG_CONFIG_PATH=/home/niles/ros2_ws/install/serial/lib/x86_64-linux-gnu/pkgconfig:/home/niles/ros2_ws/install/serial/lib/pkgconfig ROS_PACKAGE_PATH=/home/niles/ros2_ws/install/serial/share /usr/bin/cmake --build /home/niles/ros2_ws/build/roboteq_controller -- -j16 -l16
