[0.012s] Invoking command in '/home/niles/ros2_ws/build/roboteq_controller': CMAKE_PREFIX_PATH=/opt/ros/jazzy:/home/niles/ros2_ws/install/serial:${CMAKE_PREFIX_PATH} CONDA_PROMPT_MODIFIER=(rss) DEBUGINFOD_URLS=https://debuginfod.ubuntu.com PKG_CONFIG_PATH=/home/niles/ros2_ws/install/serial/lib/x86_64-linux-gnu/pkgconfig:/home/niles/ros2_ws/install/serial/lib/pkgconfig ROS_PACKAGE_PATH=/home/niles/ros2_ws/install/serial/share /usr/bin/cmake --build /home/niles/ros2_ws/build/roboteq_controller -- -j16 -l16
[0.110s] [ 50%] [32mBuilding CXX object CMakeFiles/speed_control_node.dir/src/speed_control_node.cpp.o[0m
[1.845s] [01m[K/home/niles/ros2_ws/src/roboteq_controller/src/speed_control_node.cpp:[m[K In constructor â€˜[01m[KSpeedControlNode::[01;32m[KSpeedControlNode[m[K()[m[Kâ€™:
[1.845s] [01m[K/home/niles/ros2_ws/src/roboteq_controller/src/speed_control_node.cpp:49:21:[m[K [01;35m[Kwarning: [m[Kâ€˜[01m[KSpeedControlNode::port_[m[Kâ€™ will be initialized after [[01;35m[K]8;;https://gcc.gnu.org/onlinedocs/gcc/Warning-Options.html#index-Wreorder-Wreorder]8;;[m[K]
[1.845s]    49 |         std::string [01;35m[Kport_[m[K;
[1.846s]       |                     [01;35m[K^~~~~[m[K
[1.846s] [01m[K/home/niles/ros2_ws/src/roboteq_controller/src/speed_control_node.cpp:48:13:[m[K [01;35m[Kwarning: [m[K  â€˜[01m[Kint SpeedControlNode::baudrate_[m[Kâ€™ [[01;35m[K]8;;https://gcc.gnu.org/onlinedocs/gcc/Warning-Options.html#index-Wreorder-Wreorder]8;;[m[K]
[1.846s]    48 |         int [01;35m[Kbaudrate_[m[K;
[1.846s]       |             [01;35m[K^~~~~~~~~[m[K
[1.846s] [01m[K/home/niles/ros2_ws/src/roboteq_controller/src/speed_control_node.cpp:16:9:[m[K [01;35m[Kwarning: [m[K  when initialized here [[01;35m[K]8;;https://gcc.gnu.org/onlinedocs/gcc/Warning-Options.html#index-Wreorder-Wreorder]8;;[m[K]
[1.846s]    16 |         [01;35m[KSpeedControlNode[m[K() : Node("speed_control_node"), port_("/dev/ttyUSB0"), baudrate_(115200), motor_1_channel_(1), motor_2_channel_(2)
[1.846s]       |         [01;35m[K^~~~~~~~~~~~~~~~[m[K
[1.846s] [01m[K/home/niles/ros2_ws/src/roboteq_controller/src/speed_control_node.cpp:48:13:[m[K [01;35m[Kwarning: [m[Kâ€˜[01m[KSpeedControlNode::baudrate_[m[Kâ€™ will be initialized after [[01;35m[K]8;;https://gcc.gnu.org/onlinedocs/gcc/Warning-Options.html#index-Wreorder-Wreorder]8;;[m[K]
[1.846s]    48 |         int [01;35m[Kbaudrate_[m[K;
[1.846s]       |             [01;35m[K^~~~~~~~~[m[K
[1.846s] [01m[K/home/niles/ros2_ws/src/roboteq_controller/src/speed_control_node.cpp:46:13:[m[K [01;35m[Kwarning: [m[K  â€˜[01m[Kint SpeedControlNode::motor_1_channel_[m[Kâ€™ [[01;35m[K]8;;https://gcc.gnu.org/onlinedocs/gcc/Warning-Options.html#index-Wreorder-Wreorder]8;;[m[K]
[1.846s]    46 |         int [01;35m[Kmotor_1_channel_[m[K;
[1.846s]       |             [01;35m[K^~~~~~~~~~~~~~~~[m[K
[1.846s] [01m[K/home/niles/ros2_ws/src/roboteq_controller/src/speed_control_node.cpp:16:9:[m[K [01;35m[Kwarning: [m[K  when initialized here [[01;35m[K]8;;https://gcc.gnu.org/onlinedocs/gcc/Warning-Options.html#index-Wreorder-Wreorder]8;;[m[K]
[1.846s]    16 |         [01;35m[KSpeedControlNode[m[K() : Node("speed_control_node"), port_("/dev/ttyUSB0"), baudrate_(115200), motor_1_channel_(1), motor_2_channel_(2)
[1.846s]       |         [01;35m[K^~~~~~~~~~~~~~~~[m[K
[1.861s] [01m[K/home/niles/ros2_ws/src/roboteq_controller/src/speed_control_node.cpp:[m[K In member function â€˜[01m[Kvoid SpeedControlNode::[01;32m[Kset_speed[m[K(std_msgs::msg::Int32MultiArray_<std::allocator<void> >::SharedPtr)[m[Kâ€™:
[1.861s] [01m[K/home/niles/ros2_ws/src/roboteq_controller/src/speed_control_node.cpp:133:39:[m[K [01;31m[Kerror: [m[Kinvalid conversion from â€˜[01m[Kchar*[m[Kâ€™ to â€˜[01m[Kuint8_t*[m[Kâ€™ {aka â€˜[01m[Kunsigned char*[m[Kâ€™} [[01;31m[K]8;;https://gcc.gnu.org/onlinedocs/gcc/Warning-Options.html#index-fpermissive-fpermissive]8;;[m[K]
[1.862s]   133 |                         serial_->read([01;31m[K&c[m[K, 1);  // Read one byte
[1.862s]       |                                       [01;31m[K^~[m[K
[1.862s]       |                                       [01;31m[K|[m[K
[1.862s]       |                                       [01;31m[Kchar*[m[K
[1.862s] In file included from [01m[K/home/niles/ros2_ws/src/roboteq_controller/src/speed_control_node.cpp:6[m[K:
[1.862s] [01m[K/home/niles/ros2_ws/install/serial/include/serial/serial.h:265:18:[m[K [01;36m[Knote: [m[K  initializing argument 1 of â€˜[01m[Ksize_t serial::Serial::[01;32m[Kread[m[K(uint8_t*, size_t)[m[Kâ€™
[1.862s]   265 |   read ([01;36m[Kuint8_t *buffer[m[K, size_t size);
[1.862s]       |         [01;36m[K~~~~~~~~~^~~~~~[m[K
[3.642s] gmake[2]: *** [CMakeFiles/speed_control_node.dir/build.make:76: CMakeFiles/speed_control_node.dir/src/speed_control_node.cpp.o] Error 1
[3.642s] gmake[1]: *** [CMakeFiles/Makefile2:137: CMakeFiles/speed_control_node.dir/all] Error 2
[3.642s] gmake: *** [Makefile:146: all] Error 2
[3.645s] Invoked command in '/home/niles/ros2_ws/build/roboteq_controller' returned '2': CMAKE_PREFIX_PATH=/opt/ros/jazzy:/home/niles/ros2_ws/install/serial:${CMAKE_PREFIX_PATH} CONDA_PROMPT_MODIFIER=(rss) DEBUGINFOD_URLS=https://debuginfod.ubuntu.com PKG_CONFIG_PATH=/home/niles/ros2_ws/install/serial/lib/x86_64-linux-gnu/pkgconfig:/home/niles/ros2_ws/install/serial/lib/pkgconfig ROS_PACKAGE_PATH=/home/niles/ros2_ws/install/serial/share /usr/bin/cmake --build /home/niles/ros2_ws/build/roboteq_controller -- -j16 -l16
