-- Found ament_cmake: 2.5.3 (/opt/ros/jazzy/share/ament_cmake/cmake)
-- Found Python3: /usr/bin/python3 (found version "3.12.3") found components: Interpreter 
-- Found rclcpp: 28.1.6 (/opt/ros/jazzy/share/rclcpp/cmake)
-- Found rosidl_generator_c: 4.6.5 (/opt/ros/jazzy/share/rosidl_generator_c/cmake)
-- Found rosidl_generator_cpp: 4.6.5 (/opt/ros/jazzy/share/rosidl_generator_cpp/cmake)
-- Using all available rosidl_typesupport_c: rosidl_typesupport_fastrtps_c;rosidl_typesupport_introspection_c
-- Using all available rosidl_typesupport_cpp: rosidl_typesupport_fastrtps_cpp;rosidl_typesupport_introspection_cpp
-- Found rmw_implementation_cmake: 7.3.1 (/opt/ros/jazzy/share/rmw_implementation_cmake/cmake)
-- Found rmw_fastrtps_cpp: 8.4.1 (/opt/ros/jazzy/share/rmw_fastrtps_cpp/cmake)
-- Using RMW implementation 'rmw_fastrtps_cpp' as default
-- Found std_msgs: 5.3.5 (/opt/ros/jazzy/share/std_msgs/cmake)
-- Found geometry_msgs: 5.3.5 (/opt/ros/jazzy/share/geometry_msgs/cmake)
-- Found ament_lint_auto: 0.17.1 (/opt/ros/jazzy/share/ament_lint_auto/cmake)
-- Added test 'cppcheck' to perform static code analysis on C / C++ code
-- Configured cppcheck include dirs: 
-- Configured cppcheck exclude dirs and/or files: 
-- Added test 'lint_cmake' to check CMake code style
-- Added test 'uncrustify' to check C / C++ code style
-- Configured uncrustify additional arguments: 
-- Added test 'xmllint' to check XML markup files
-- Configuring done (0.8s)
-- Generating done (0.0s)
-- Build files have been written to: /home/niles/ros2_ws/build/speed_pub
[ 50%] [32mBuilding CXX object CMakeFiles/speed_pub_node.dir/src/speed_pub_node.cpp.o[0m
[01m[K/home/niles/ros2_ws/src/speed_pub/src/speed_pub_node.cpp:25:5:[m[K [01;31m[Kerror: [m[Kâ€˜[01m[Kleft_speed[m[Kâ€™ does not name a type
   25 |     [01;31m[Kleft_speed[m[K = 0.0;
      |     [01;31m[K^~~~~~~~~~[m[K
[01m[K/home/niles/ros2_ws/src/speed_pub/src/speed_pub_node.cpp:26:5:[m[K [01;31m[Kerror: [m[Kâ€˜[01m[Kright_speed[m[Kâ€™ does not name a type
   26 |     [01;31m[Kright_speed[m[K = 0.0;
      |     [01;31m[K^~~~~~~~~~~[m[K
[01m[K/home/niles/ros2_ws/src/speed_pub/src/speed_pub_node.cpp:41:38:[m[K [01;31m[Kerror: [m[Kâ€˜[01m[KInt32MultiArray[m[Kâ€™ is not a member of â€˜[01m[Kstd_msgs::msg[m[Kâ€™; did you mean â€˜[01m[KFloat64MultiArray[m[Kâ€™?
   41 |     rclcpp::Publisher<std_msgs::msg::[01;31m[KInt32MultiArray[m[K>::SharedPtr publisher_;
      |                                      [01;31m[K^~~~~~~~~~~~~~~[m[K
      |                                      [32m[KFloat64MultiArray[m[K
[01m[K/home/niles/ros2_ws/src/speed_pub/src/speed_pub_node.cpp:41:53:[m[K [01;31m[Kerror: [m[Ktemplate argument 1 is invalid
   41 |     rclcpp::Publisher<std_msgs::msg::Int32MultiArray[01;31m[K>[m[K::SharedPtr publisher_;
      |                                                     [01;31m[K^[m[K
[01m[K/home/niles/ros2_ws/src/speed_pub/src/speed_pub_node.cpp:41:56:[m[K [01;31m[Kerror: [m[Kexpected â€˜[01m[K;[m[Kâ€™ at end of member declaration
   41 |     rclcpp::Publisher<std_msgs::msg::Int32MultiArray>::[01;31m[KSharedPtr[m[K publisher_;
      |                                                        [01;31m[K^~~~~~~~~[m[K
      |                                                                 [32m[K;[m[K
[01m[K/home/niles/ros2_ws/src/speed_pub/src/speed_pub_node.cpp:41:66:[m[K [01;31m[Kerror: [m[Kâ€˜[01m[Kpublisher_[m[Kâ€™ does not name a type; did you mean â€˜[01m[Krmw_publisher_t[m[Kâ€™?
   41 | clcpp::Publisher<std_msgs::msg::Int32MultiArray>::SharedPtr [01;31m[Kpublisher_[m[K;
      |                                                             [01;31m[K^~~~~~~~~~[m[K
      |                                                             [32m[Krmw_publisher_t[m[K
[01m[K/home/niles/ros2_ws/src/speed_pub/src/speed_pub_node.cpp:[m[K In constructor â€˜[01m[KSpeedPubNode::[01;32m[KSpeedPubNode[m[K()[m[Kâ€™:
[01m[K/home/niles/ros2_ws/src/speed_pub/src/speed_pub_node.cpp:18:13:[m[K [01;31m[Kerror: [m[Kâ€˜[01m[Kpublisher_[m[Kâ€™ was not declared in this scope; did you mean â€˜[01m[Krmw_publisher_t[m[Kâ€™?
   18 |             [01;31m[Kpublisher_[m[K = this->create_publisher<std_msgs::msg::Float64MultiArray>("target_speed", 10);
      |             [01;31m[K^~~~~~~~~~[m[K
      |             [32m[Krmw_publisher_t[m[K
[01m[K/home/niles/ros2_ws/src/speed_pub/src/speed_pub_node.cpp:19:13:[m[K [01;31m[Kerror: [m[Kâ€˜[01m[Ksubscriber_[m[Kâ€™ was not declared in this scope
   19 |             [01;31m[Ksubscriber_[m[K = this->create_subscription<geometry_msgs::msg::Twist>("rc_input", 10, std::bind(&SpeedPubNode::set_target_speed, this, std::placeholders::_1));
      |             [01;31m[K^~~~~~~~~~~[m[K
[01m[K/home/niles/ros2_ws/src/speed_pub/src/speed_pub_node.cpp:[m[K In member function â€˜[01m[Kvoid SpeedPubNode::[01;32m[Kset_target_speed[m[K(geometry_msgs::msg::Twist_<std::allocator<void> >::SharedPtr)[m[Kâ€™:
[01m[K/home/niles/ros2_ws/src/speed_pub/src/speed_pub_node.cpp:29:9:[m[K [01;31m[Kerror: [m[Kâ€˜[01m[Ktarget_speed_msg[m[Kâ€™ was not declared in this scope
   29 |         [01;31m[Ktarget_speed_msg[m[K.data = {msg->linear.x + wheel_base_*msg->angular.z, msg->linear.x - wheel_base_*msg->angular.z};
      |         [01;31m[K^~~~~~~~~~~~~~~~[m[K
[01m[K/home/niles/ros2_ws/src/speed_pub/src/speed_pub_node.cpp:29:50:[m[K [01;31m[Kerror: [m[Kâ€˜[01m[Kwheel_base_[m[Kâ€™ was not declared in this scope
   29 |         target_speed_msg.data = {msg->linear.x + [01;31m[Kwheel_base_[m[K*msg->angular.z, msg->linear.x - wheel_base_*msg->angular.z};
      |                                                  [01;31m[K^~~~~~~~~~~[m[K
In file included from [01m[K/opt/ros/jazzy/include/rclcpp/rclcpp/logging.hpp:24[m[K,
                 from [01m[K/opt/ros/jazzy/include/rclcpp/rclcpp/copy_all_parameter_values.hpp:27[m[K,
                 from [01m[K/opt/ros/jazzy/include/rclcpp/rclcpp/rclcpp.hpp:171[m[K,
                 from [01m[K/home/niles/ros2_ws/src/speed_pub/src/speed_pub_node.cpp:6[m[K:
[01m[K/home/niles/ros2_ws/src/speed_pub/src/speed_pub_node.cpp:30:65:[m[K [01;31m[Kerror: [m[Kâ€˜[01m[Kmessage[m[Kâ€™ was not declared in this scope
   30 |     RCLCPP_INFO(this->get_logger(), "Received: '%d', '%d'", [01;31m[Kmessage[m[K.data[0], message.data[1]);
      |                                                             [01;31m[K^~~~~~~[m[K

[01m[K/home/niles/ros2_ws/src/speed_pub/src/speed_pub_node.cpp:31:9:[m[K [01;31m[Kerror: [m[Kâ€˜[01m[Kpublisher_[m[Kâ€™ was not declared in this scope; did you mean â€˜[01m[Krmw_publisher_t[m[Kâ€™?
   31 |         [01;31m[Kpublisher_[m[K->publish(message);
      |         [01;31m[K^~~~~~~~~~[m[K
      |         [32m[Krmw_publisher_t[m[K
[01m[K/home/niles/ros2_ws/src/speed_pub/src/speed_pub_node.cpp:31:29:[m[K [01;31m[Kerror: [m[Kâ€˜[01m[Kmessage[m[Kâ€™ was not declared in this scope
   31 |         publisher_->publish([01;31m[Kmessage[m[K);
      |                             [01;31m[K^~~~~~~[m[K
[01m[K/home/niles/ros2_ws/src/speed_pub/src/speed_pub_node.cpp:[m[K In member function â€˜[01m[Kvoid SpeedPubNode::[01;32m[Ktimer_callback[m[K()[m[Kâ€™:
[01m[K/home/niles/ros2_ws/src/speed_pub/src/speed_pub_node.cpp:37:9:[m[K [01;31m[Kerror: [m[Kâ€˜[01m[Kmessage[m[Kâ€™ was not declared in this scope
   37 |         [01;31m[Kmessage[m[K.data = {200, 200};
      |         [01;31m[K^~~~~~~[m[K
[01m[K/home/niles/ros2_ws/src/speed_pub/src/speed_pub_node.cpp:39:9:[m[K [01;31m[Kerror: [m[Kâ€˜[01m[Kpublisher_[m[Kâ€™ was not declared in this scope; did you mean â€˜[01m[Krmw_publisher_t[m[Kâ€™?
   39 |         [01;31m[Kpublisher_[m[K->publish(message);
      |         [01;31m[K^~~~~~~~~~[m[K
      |         [32m[Krmw_publisher_t[m[K
gmake[2]: *** [CMakeFiles/speed_pub_node.dir/build.make:76: CMakeFiles/speed_pub_node.dir/src/speed_pub_node.cpp.o] Error 1
gmake[1]: *** [CMakeFiles/Makefile2:137: CMakeFiles/speed_pub_node.dir/all] Error 2
gmake: *** [Makefile:146: all] Error 2
