[01m[K/home/niles/ros2_ws/src/roboteq_controller/src/speed_control_node.cpp:9:10:[m[K [01;31m[Kfatal error: [m[Kroboteq_controller/inter_process_communication.h: No such file or directory
    9 | #include [01;31m[K"roboteq_controller/inter_process_communication.h"[m[K
      |          [01;31m[K^~~~~~~~~~~~~~~~~~~~~~~~~~~~~~~~~~~~~~~~~~~~~~~~~~[m[K
compilation terminated.
gmake[2]: *** [CMakeFiles/speed_control_node.dir/build.make:76: CMakeFiles/speed_control_node.dir/src/speed_control_node.cpp.o] Error 1
gmake[1]: *** [CMakeFiles/Makefile2:137: CMakeFiles/speed_control_node.dir/all] Error 2
gmake: *** [Makefile:146: all] Error 2
