[01m[K/home/niles/ros2_ws/src/roboteq_controller/src/speed_control_node.cpp:[m[K In constructor â€˜[01m[KSpeedControlNode::[01;32m[KSpeedControlNode[m[K()[m[Kâ€™:
[01m[K/home/niles/ros2_ws/src/roboteq_controller/src/speed_control_node.cpp:49:21:[m[K [01;35m[Kwarning: [m[Kâ€˜[01m[KSpeedControlNode::port_[m[Kâ€™ will be initialized after [[01;35m[K]8;;https://gcc.gnu.org/onlinedocs/gcc/Warning-Options.html#index-Wreorder-Wreorder]8;;[m[K]
   49 |         std::string [01;35m[Kport_[m[K;
      |                     [01;35m[K^~~~~[m[K
[01m[K/home/niles/ros2_ws/src/roboteq_controller/src/speed_control_node.cpp:48:13:[m[K [01;35m[Kwarning: [m[K  â€˜[01m[Kint SpeedControlNode::baudrate_[m[Kâ€™ [[01;35m[K]8;;https://gcc.gnu.org/onlinedocs/gcc/Warning-Options.html#index-Wreorder-Wreorder]8;;[m[K]
   48 |         int [01;35m[Kbaudrate_[m[K;
      |             [01;35m[K^~~~~~~~~[m[K
[01m[K/home/niles/ros2_ws/src/roboteq_controller/src/speed_control_node.cpp:16:9:[m[K [01;35m[Kwarning: [m[K  when initialized here [[01;35m[K]8;;https://gcc.gnu.org/onlinedocs/gcc/Warning-Options.html#index-Wreorder-Wreorder]8;;[m[K]
   16 |         [01;35m[KSpeedControlNode[m[K() : Node("speed_control_node"), port_("/dev/ttyACM0"), baudrate_(115200), motor_1_channel_(1), motor_2_channel_(2)
      |         [01;35m[K^~~~~~~~~~~~~~~~[m[K
[01m[K/home/niles/ros2_ws/src/roboteq_controller/src/speed_control_node.cpp:48:13:[m[K [01;35m[Kwarning: [m[Kâ€˜[01m[KSpeedControlNode::baudrate_[m[Kâ€™ will be initialized after [[01;35m[K]8;;https://gcc.gnu.org/onlinedocs/gcc/Warning-Options.html#index-Wreorder-Wreorder]8;;[m[K]
   48 |         int [01;35m[Kbaudrate_[m[K;
      |             [01;35m[K^~~~~~~~~[m[K
[01m[K/home/niles/ros2_ws/src/roboteq_controller/src/speed_control_node.cpp:46:13:[m[K [01;35m[Kwarning: [m[K  â€˜[01m[Kint SpeedControlNode::motor_1_channel_[m[Kâ€™ [[01;35m[K]8;;https://gcc.gnu.org/onlinedocs/gcc/Warning-Options.html#index-Wreorder-Wreorder]8;;[m[K]
   46 |         int [01;35m[Kmotor_1_channel_[m[K;
      |             [01;35m[K^~~~~~~~~~~~~~~~[m[K
[01m[K/home/niles/ros2_ws/src/roboteq_controller/src/speed_control_node.cpp:16:9:[m[K [01;35m[Kwarning: [m[K  when initialized here [[01;35m[K]8;;https://gcc.gnu.org/onlinedocs/gcc/Warning-Options.html#index-Wreorder-Wreorder]8;;[m[K]
   16 |         [01;35m[KSpeedControlNode[m[K() : Node("speed_control_node"), port_("/dev/ttyACM0"), baudrate_(115200), motor_1_channel_(1), motor_2_channel_(2)
      |         [01;35m[K^~~~~~~~~~~~~~~~[m[K
[01m[K/home/niles/ros2_ws/src/roboteq_controller/src/speed_control_node.cpp:[m[K In member function â€˜[01m[Kvoid SpeedControlNode::[01;32m[Kset_speed[m[K(std_msgs::msg::Int32MultiArray_<std::allocator<void> >::SharedPtr)[m[Kâ€™:
[01m[K/home/niles/ros2_ws/src/roboteq_controller/src/speed_control_node.cpp:105:41:[m[K [01;31m[Kerror: [m[Kcannot convert â€˜[01m[Kstd_msgs::msg::Int32MultiArray_<std::allocator<void> >::_data_type[m[Kâ€™ {aka â€˜[01m[Kstd::vector<int>[m[Kâ€™} to â€˜[01m[Kint[m[Kâ€™ in initialization
  105 |                 int target_speed = [01;31m[Kmsg->data[m[K;
      |                                    [01;31m[K~~~~~^~~~[m[K
      |                                         [01;31m[K|[m[K
      |                                         [01;31m[Kstd_msgs::msg::Int32MultiArray_<std::allocator<void> >::_data_type {aka std::vector<int>}[m[K
[01m[K/home/niles/ros2_ws/src/roboteq_controller/src/speed_control_node.cpp:106:68:[m[K [01;31m[Kerror: [m[Kâ€˜[01m[Kmotor_channel_[m[Kâ€™ was not declared in this scope; did you mean â€˜[01m[Kmotor_1_channel_[m[Kâ€™?
  106 |          std::string speed_command = "!S " + std::to_string([01;31m[Kmotor_channel_[m[K) + " " + std::to_string(target_speed) + "\r\n";
      |                                                             [01;31m[K^~~~~~~~~~~~~~[m[K
      |                                                             [32m[Kmotor_1_channel_[m[K
[01m[K/home/niles/ros2_ws/src/roboteq_controller/src/speed_control_node.cpp:107:20:[m[K [01;31m[Kerror: [m[Kâ€˜[01m[Kis_connected[m[Kâ€™ was not declared in this scope; did you mean â€˜[01m[Kdisconnect[m[Kâ€™?
  107 |                 if([01;31m[Kis_connected[m[K())
      |                    [01;31m[K^~~~~~~~~~~~[m[K
      |                    [32m[Kdisconnect[m[K
In file included from [01m[K/opt/ros/jazzy/include/rclcpp/rclcpp/logging.hpp:24[m[K,
                 from [01m[K/opt/ros/jazzy/include/rclcpp/rclcpp/copy_all_parameter_values.hpp:27[m[K,
                 from [01m[K/opt/ros/jazzy/include/rclcpp/rclcpp/rclcpp.hpp:171[m[K,
                 from [01m[K/home/niles/ros2_ws/src/roboteq_controller/src/speed_control_node.cpp:5[m[K:
[01m[K/home/niles/ros2_ws/src/roboteq_controller/src/speed_control_node.cpp:110:53:[m[K [01;35m[Kwarning: [m[Kformat â€˜[01m[K%d[m[Kâ€™ expects argument of type â€˜[01m[Kint[m[Kâ€™, but argument 5 has type â€˜[01m[Kstd_msgs::msg::Int32MultiArray_<std::allocator<void> >::_data_type[m[Kâ€™ {aka â€˜[01m[Kstd::vector<int>[m[Kâ€™} [[01;35m[K]8;;https://gcc.gnu.org/onlinedocs/gcc/Warning-Options.html#index-Wformat=-Wformat=]8;;[m[K]
  110 |                     RCLCPP_INFO(this->get_logger(), [01;35m[K"Speed set to: %d"[m[K, msg->data);
      |                                                     [01;35m[K^~~~~~~~~~~~~~~~~~[m[K
[01m[K/home/niles/ros2_ws/src/roboteq_controller/src/speed_control_node.cpp:110:69:[m[K [01;36m[Knote: [m[Kformat string is defined here
  110 |             RCLCPP_INFO(this->get_logger(), "Speed set to: [01;36m[K%d[m[K", msg->data);
      |                                                            [01;36m[K~^[m[K
      |                                                             [01;36m[K|[m[K
      |                                                             [01;36m[Kint[m[K

gmake[2]: *** [CMakeFiles/speed_control_node.dir/build.make:76: CMakeFiles/speed_control_node.dir/src/speed_control_node.cpp.o] Error 1
gmake[1]: *** [CMakeFiles/Makefile2:137: CMakeFiles/speed_control_node.dir/all] Error 2
gmake: *** [Makefile:146: all] Error 2
