[0.012s] Invoking command in '/home/niles/ros2_ws/build/roboteq_controller': CMAKE_PREFIX_PATH=/opt/ros/jazzy:/home/niles/ros2_ws/install/serial:${CMAKE_PREFIX_PATH} CONDA_PROMPT_MODIFIER=(rss) DEBUGINFOD_URLS=https://debuginfod.ubuntu.com PKG_CONFIG_PATH=/home/niles/ros2_ws/install/serial/lib/x86_64-linux-gnu/pkgconfig:/home/niles/ros2_ws/install/serial/lib/pkgconfig ROS_PACKAGE_PATH=/home/niles/ros2_ws/install/serial/share /usr/bin/cmake --build /home/niles/ros2_ws/build/roboteq_controller -- -j16 -l16
[0.039s] -- Found ament_cmake: 2.5.3 (/opt/ros/jazzy/share/ament_cmake/cmake)
[0.224s] -- Found rclcpp: 28.1.6 (/opt/ros/jazzy/share/rclcpp/cmake)
[0.242s] -- Found rosidl_generator_c: 4.6.5 (/opt/ros/jazzy/share/rosidl_generator_c/cmake)
[0.247s] -- Found rosidl_generator_cpp: 4.6.5 (/opt/ros/jazzy/share/rosidl_generator_cpp/cmake)
[0.254s] -- Using all available rosidl_typesupport_c: rosidl_typesupport_fastrtps_c;rosidl_typesupport_introspection_c
[0.261s] -- Using all available rosidl_typesupport_cpp: rosidl_typesupport_fastrtps_cpp;rosidl_typesupport_introspection_cpp
[0.298s] -- Found rmw_implementation_cmake: 7.3.1 (/opt/ros/jazzy/share/rmw_implementation_cmake/cmake)
[0.298s] -- Found rmw_fastrtps_cpp: 8.4.1 (/opt/ros/jazzy/share/rmw_fastrtps_cpp/cmake)
[0.345s] -- Using RMW implementation 'rmw_fastrtps_cpp' as default
[0.392s] -- Found serial: 1.2.1 (/home/niles/ros2_ws/install/serial/share/serial/cmake)
[0.394s] -- Found std_msgs: 5.3.5 (/opt/ros/jazzy/share/std_msgs/cmake)
[0.407s] -- Found ament_lint_auto: 0.17.1 (/opt/ros/jazzy/share/ament_lint_auto/cmake)
[0.474s] -- Added test 'cppcheck' to perform static code analysis on C / C++ code
[0.474s] -- Configured cppcheck include dirs: $<BUILD_INTERFACE:/home/niles/ros2_ws/src/roboteq_controller/include>
[0.474s] -- Configured cppcheck exclude dirs and/or files: 
[0.474s] -- Added test 'flake8' to check Python code syntax and style conventions
[0.475s] -- Configured 'flake8' exclude dirs and/or files: 
[0.476s] -- Added test 'lint_cmake' to check CMake code style
[0.477s] -- Added test 'pep257' to check Python code against some of the docstring style conventions in PEP 257
[0.481s] -- Added test 'uncrustify' to check C / C++ code style
[0.481s] -- Configured uncrustify additional arguments: 
[0.482s] -- Added test 'xmllint' to check XML markup files
[0.483s] -- Configuring done (0.4s)
[0.493s] -- Generating done (0.0s)
[0.495s] -- Build files have been written to: /home/niles/ros2_ws/build/roboteq_controller
[0.540s] [ 50%] [32mBuilding CXX object CMakeFiles/speed_control_node.dir/src/speed_control_node.cpp.o[0m
[1.981s] [01m[K/home/niles/ros2_ws/src/roboteq_controller/src/speed_control_node.cpp:[m[K In constructor â€˜[01m[KSpeedControlNode::[01;32m[KSpeedControlNode[m[K()[m[Kâ€™:
[1.982s] [01m[K/home/niles/ros2_ws/src/roboteq_controller/src/speed_control_node.cpp:49:21:[m[K [01;35m[Kwarning: [m[Kâ€˜[01m[KSpeedControlNode::port_[m[Kâ€™ will be initialized after [[01;35m[K]8;;https://gcc.gnu.org/onlinedocs/gcc/Warning-Options.html#index-Wreorder-Wreorder]8;;[m[K]
[1.982s]    49 |         std::string [01;35m[Kport_[m[K;
[1.982s]       |                     [01;35m[K^~~~~[m[K
[1.982s] [01m[K/home/niles/ros2_ws/src/roboteq_controller/src/speed_control_node.cpp:48:13:[m[K [01;35m[Kwarning: [m[K  â€˜[01m[Kint SpeedControlNode::baudrate_[m[Kâ€™ [[01;35m[K]8;;https://gcc.gnu.org/onlinedocs/gcc/Warning-Options.html#index-Wreorder-Wreorder]8;;[m[K]
[1.982s]    48 |         int [01;35m[Kbaudrate_[m[K;
[1.982s]       |             [01;35m[K^~~~~~~~~[m[K
[1.982s] [01m[K/home/niles/ros2_ws/src/roboteq_controller/src/speed_control_node.cpp:16:9:[m[K [01;35m[Kwarning: [m[K  when initialized here [[01;35m[K]8;;https://gcc.gnu.org/onlinedocs/gcc/Warning-Options.html#index-Wreorder-Wreorder]8;;[m[K]
[1.982s]    16 |         [01;35m[KSpeedControlNode[m[K() : Node("speed_control_node"), port_("/dev/ttyACM0"), baudrate_(115200), motor_1_channel_(1), motor_2_channel_(2)
[1.982s]       |         [01;35m[K^~~~~~~~~~~~~~~~[m[K
[1.982s] [01m[K/home/niles/ros2_ws/src/roboteq_controller/src/speed_control_node.cpp:48:13:[m[K [01;35m[Kwarning: [m[Kâ€˜[01m[KSpeedControlNode::baudrate_[m[Kâ€™ will be initialized after [[01;35m[K]8;;https://gcc.gnu.org/onlinedocs/gcc/Warning-Options.html#index-Wreorder-Wreorder]8;;[m[K]
[1.982s]    48 |         int [01;35m[Kbaudrate_[m[K;
[1.982s]       |             [01;35m[K^~~~~~~~~[m[K
[1.982s] [01m[K/home/niles/ros2_ws/src/roboteq_controller/src/speed_control_node.cpp:46:13:[m[K [01;35m[Kwarning: [m[K  â€˜[01m[Kint SpeedControlNode::motor_1_channel_[m[Kâ€™ [[01;35m[K]8;;https://gcc.gnu.org/onlinedocs/gcc/Warning-Options.html#index-Wreorder-Wreorder]8;;[m[K]
[1.982s]    46 |         int [01;35m[Kmotor_1_channel_[m[K;
[1.982s]       |             [01;35m[K^~~~~~~~~~~~~~~~[m[K
[1.982s] [01m[K/home/niles/ros2_ws/src/roboteq_controller/src/speed_control_node.cpp:16:9:[m[K [01;35m[Kwarning: [m[K  when initialized here [[01;35m[K]8;;https://gcc.gnu.org/onlinedocs/gcc/Warning-Options.html#index-Wreorder-Wreorder]8;;[m[K]
[1.982s]    16 |         [01;35m[KSpeedControlNode[m[K() : Node("speed_control_node"), port_("/dev/ttyACM0"), baudrate_(115200), motor_1_channel_(1), motor_2_channel_(2)
[1.982s]       |         [01;35m[K^~~~~~~~~~~~~~~~[m[K
[1.995s] [01m[K/home/niles/ros2_ws/src/roboteq_controller/src/speed_control_node.cpp:[m[K In member function â€˜[01m[Kvoid SpeedControlNode::[01;32m[Kset_speed[m[K(std_msgs::msg::Int32MultiArray_<std::allocator<void> >::SharedPtr)[m[Kâ€™:
[1.995s] [01m[K/home/niles/ros2_ws/src/roboteq_controller/src/speed_control_node.cpp:105:41:[m[K [01;31m[Kerror: [m[Kcannot convert â€˜[01m[Kstd_msgs::msg::Int32MultiArray_<std::allocator<void> >::_data_type[m[Kâ€™ {aka â€˜[01m[Kstd::vector<int>[m[Kâ€™} to â€˜[01m[Kint[m[Kâ€™ in initialization
[1.995s]   105 |                 int target_speed = [01;31m[Kmsg->data[m[K;
[1.995s]       |                                    [01;31m[K~~~~~^~~~[m[K
[1.996s]       |                                         [01;31m[K|[m[K
[1.996s]       |                                         [01;31m[Kstd_msgs::msg::Int32MultiArray_<std::allocator<void> >::_data_type {aka std::vector<int>}[m[K
[2.009s] [01m[K/home/niles/ros2_ws/src/roboteq_controller/src/speed_control_node.cpp:106:68:[m[K [01;31m[Kerror: [m[Kâ€˜[01m[Kmotor_channel_[m[Kâ€™ was not declared in this scope; did you mean â€˜[01m[Kmotor_1_channel_[m[Kâ€™?
[2.009s]   106 |          std::string speed_command = "!S " + std::to_string([01;31m[Kmotor_channel_[m[K) + " " + std::to_string(target_speed) + "\r\n";
[2.009s]       |                                                             [01;31m[K^~~~~~~~~~~~~~[m[K
[2.009s]       |                                                             [32m[Kmotor_1_channel_[m[K
[2.016s] [01m[K/home/niles/ros2_ws/src/roboteq_controller/src/speed_control_node.cpp:107:20:[m[K [01;31m[Kerror: [m[Kâ€˜[01m[Kis_connected[m[Kâ€™ was not declared in this scope; did you mean â€˜[01m[Kdisconnect[m[Kâ€™?
[2.016s]   107 |                 if([01;31m[Kis_connected[m[K())
[2.016s]       |                    [01;31m[K^~~~~~~~~~~~[m[K
[2.016s]       |                    [32m[Kdisconnect[m[K
[2.016s] In file included from [01m[K/opt/ros/jazzy/include/rclcpp/rclcpp/logging.hpp:24[m[K,
[2.017s]                  from [01m[K/opt/ros/jazzy/include/rclcpp/rclcpp/copy_all_parameter_values.hpp:27[m[K,
[2.017s]                  from [01m[K/opt/ros/jazzy/include/rclcpp/rclcpp/rclcpp.hpp:171[m[K,
[2.017s]                  from [01m[K/home/niles/ros2_ws/src/roboteq_controller/src/speed_control_node.cpp:5[m[K:
[2.017s] [01m[K/home/niles/ros2_ws/src/roboteq_controller/src/speed_control_node.cpp:110:53:[m[K [01;35m[Kwarning: [m[Kformat â€˜[01m[K%d[m[Kâ€™ expects argument of type â€˜[01m[Kint[m[Kâ€™, but argument 5 has type â€˜[01m[Kstd_msgs::msg::Int32MultiArray_<std::allocator<void> >::_data_type[m[Kâ€™ {aka â€˜[01m[Kstd::vector<int>[m[Kâ€™} [[01;35m[K]8;;https://gcc.gnu.org/onlinedocs/gcc/Warning-Options.html#index-Wformat=-Wformat=]8;;[m[K]
[2.017s]   110 |                     RCLCPP_INFO(this->get_logger(), [01;35m[K"Speed set to: %d"[m[K, msg->data);
[2.017s]       |                                                     [01;35m[K^~~~~~~~~~~~~~~~~~[m[K
[2.017s] [01m[K/home/niles/ros2_ws/src/roboteq_controller/src/speed_control_node.cpp:110:69:[m[K [01;36m[Knote: [m[Kformat string is defined here
[2.017s]   110 |             RCLCPP_INFO(this->get_logger(), "Speed set to: [01;36m[K%d[m[K", msg->data);
[2.017s]       |                                                            [01;36m[K~^[m[K
[2.017s]       |                                                             [01;36m[K|[m[K
[2.017s]       |                                                             [01;36m[Kint[m[K
[2.017s] 
[3.619s] gmake[2]: *** [CMakeFiles/speed_control_node.dir/build.make:76: CMakeFiles/speed_control_node.dir/src/speed_control_node.cpp.o] Error 1
[3.619s] gmake[1]: *** [CMakeFiles/Makefile2:137: CMakeFiles/speed_control_node.dir/all] Error 2
[3.619s] gmake: *** [Makefile:146: all] Error 2
[3.622s] Invoked command in '/home/niles/ros2_ws/build/roboteq_controller' returned '2': CMAKE_PREFIX_PATH=/opt/ros/jazzy:/home/niles/ros2_ws/install/serial:${CMAKE_PREFIX_PATH} CONDA_PROMPT_MODIFIER=(rss) DEBUGINFOD_URLS=https://debuginfod.ubuntu.com PKG_CONFIG_PATH=/home/niles/ros2_ws/install/serial/lib/x86_64-linux-gnu/pkgconfig:/home/niles/ros2_ws/install/serial/lib/pkgconfig ROS_PACKAGE_PATH=/home/niles/ros2_ws/install/serial/share /usr/bin/cmake --build /home/niles/ros2_ws/build/roboteq_controller -- -j16 -l16
