[0.010s] Invoking command in '/home/niles/ros2_ws/build/speed_pub': CMAKE_PREFIX_PATH=${CMAKE_PREFIX_PATH}:/opt/ros/jazzy CONDA_PROMPT_MODIFIER=(rss) DEBUGINFOD_URLS=https://debuginfod.ubuntu.com /usr/bin/cmake --build /home/niles/ros2_ws/build/speed_pub -- -j16 -l16
[0.068s] [ 50%] [32mBuilding CXX object CMakeFiles/speed_pub_node.dir/src/speed_pub_node.cpp.o[0m
[1.628s] [01m[K/home/niles/ros2_ws/src/speed_pub/src/speed_pub_node.cpp:[m[K In constructor â€˜[01m[KSpeedPubNode::[01;32m[KSpeedPubNode[m[K()[m[Kâ€™:
[1.628s] [01m[K/home/niles/ros2_ws/src/speed_pub/src/speed_pub_node.cpp:19:13:[m[K [01;31m[Kerror: [m[Kâ€˜[01m[Krc_input_subscriber_[m[Kâ€™ was not declared in this scope; did you mean â€˜[01m[Kcount_subscribers[m[Kâ€™?
[1.628s]    19 |             [01;31m[Krc_input_subscriber_[m[K = this->create_subscription<geometry_msgs::msg::Twist>("rc_input", 10, std::bind(&SpeedPubNode::wheel_speed_calc, this, std::placeholders::_1));
[1.628s]       |             [01;31m[K^~~~~~~~~~~~~~~~~~~~[m[K
[1.628s]       |             [32m[Kcount_subscribers[m[K
[1.662s] [01m[K/home/niles/ros2_ws/src/speed_pub/src/speed_pub_node.cpp:[m[K In member function â€˜[01m[Kvoid SpeedPubNode::[01;32m[Ktimer_callback[m[K()[m[Kâ€™:
[1.662s] [01m[K/home/niles/ros2_ws/src/speed_pub/src/speed_pub_node.cpp:43:34:[m[K [01;31m[Kerror: [m[Kâ€˜[01m[Kleft_speed[m[Kâ€™ was not declared in this scope; did you mean â€˜[01m[Kleft_speed_[m[Kâ€™?
[1.662s]    43 |         target_speed_msg.data = {[01;31m[Kleft_speed[m[K, right_speed};
[1.662s]       |                                  [01;31m[K^~~~~~~~~~[m[K
[1.662s]       |                                  [32m[Kleft_speed_[m[K
[1.666s] [01m[K/home/niles/ros2_ws/src/speed_pub/src/speed_pub_node.cpp:43:46:[m[K [01;31m[Kerror: [m[Kâ€˜[01m[Kright_speed[m[Kâ€™ was not declared in this scope; did you mean â€˜[01m[Kright_speed_[m[Kâ€™?
[1.666s]    43 |         target_speed_msg.data = {left_speed, [01;31m[Kright_speed[m[K};
[1.666s]       |                                              [01;31m[K^~~~~~~~~~~[m[K
[1.666s]       |                                              [32m[Kright_speed_[m[K
[1.666s] [01m[K/home/niles/ros2_ws/src/speed_pub/src/speed_pub_node.cpp:43:57:[m[K [01;31m[Kerror: [m[Kno match for â€˜[01m[Koperator=[m[Kâ€™ (operand types are â€˜[01m[Kstd_msgs::msg::Float64MultiArray_<std::allocator<void> >::_data_type[m[Kâ€™ {aka â€˜[01m[Kstd::vector<double, std::allocator<double> >[m[Kâ€™} and â€˜[01m[K<brace-enclosed initializer list>[m[Kâ€™)
[1.666s]    43 |         target_speed_msg.data = {left_speed, right_speed[01;31m[K}[m[K;
[1.666s]       |                                                         [01;31m[K^[m[K
[1.666s] In file included from [01m[K/usr/include/c++/13/vector:72[m[K,
[1.666s]                  from [01m[K/usr/include/c++/13/functional:64[m[K,
[1.667s]                  from [01m[K/home/niles/ros2_ws/src/speed_pub/src/speed_pub_node.cpp:2[m[K:
[1.667s] [01m[K/usr/include/c++/13/bits/vector.tcc:210:5:[m[K [01;36m[Knote: [m[Kcandidate: â€˜[01m[Kstd::vector<_Tp, _Alloc>& std::vector<_Tp, _Alloc>::[01;32m[Koperator=[m[K(const std::vector<_Tp, _Alloc>&) [35m[K[with _Tp = double; _Alloc = std::allocator<double>][m[K[m[Kâ€™
[1.667s]   210 |     [01;36m[Kvector<_Tp, _Alloc>[m[K::
[1.667s]       |     [01;36m[K^~~~~~~~~~~~~~~~~~~[m[K
[1.667s] [01m[K/usr/include/c++/13/bits/vector.tcc:211:42:[m[K [01;36m[Knote: [m[K  no known conversion for argument 1 from â€˜[01m[K<brace-enclosed initializer list>[m[Kâ€™ to â€˜[01m[Kconst std::vector<double, std::allocator<double> >&[m[Kâ€™
[1.667s]   211 |     operator=([01;36m[Kconst vector<_Tp, _Alloc>& __x[m[K)
[1.667s]       |               [01;36m[K~~~~~~~~~~~~~~~~~~~~~~~~~~~^~~[m[K
[1.667s] In file included from [01m[K/usr/include/c++/13/vector:66[m[K:
[1.667s] [01m[K/usr/include/c++/13/bits/stl_vector.h:766:7:[m[K [01;36m[Knote: [m[Kcandidate: â€˜[01m[Kstd::vector<_Tp, _Alloc>& std::vector<_Tp, _Alloc>::[01;32m[Koperator=[m[K(std::vector<_Tp, _Alloc>&&) [35m[K[with _Tp = double; _Alloc = std::allocator<double>][m[K[m[Kâ€™
[1.667s]   766 |       [01;36m[Koperator[m[K=(vector&& __x) noexcept(_Alloc_traits::_S_nothrow_move())
[1.667s]       |       [01;36m[K^~~~~~~~[m[K
[1.667s] [01m[K/usr/include/c++/13/bits/stl_vector.h:766:26:[m[K [01;36m[Knote: [m[K  no known conversion for argument 1 from â€˜[01m[K<brace-enclosed initializer list>[m[Kâ€™ to â€˜[01m[Kstd::vector<double, std::allocator<double> >&&[m[Kâ€™
[1.667s]   766 |       operator=([01;36m[Kvector&& __x[m[K) noexcept(_Alloc_traits::_S_nothrow_move())
[1.667s]       |                 [01;36m[K~~~~~~~~~^~~[m[K
[1.667s] [01m[K/usr/include/c++/13/bits/stl_vector.h:788:7:[m[K [01;36m[Knote: [m[Kcandidate: â€˜[01m[Kstd::vector<_Tp, _Alloc>& std::vector<_Tp, _Alloc>::[01;32m[Koperator=[m[K(std::initializer_list<_Tp>) [35m[K[with _Tp = double; _Alloc = std::allocator<double>][m[K[m[Kâ€™
[1.667s]   788 |       [01;36m[Koperator[m[K=(initializer_list<value_type> __l)
[1.667s]       |       [01;36m[K^~~~~~~~[m[K
[1.667s] [01m[K/usr/include/c++/13/bits/stl_vector.h:788:46:[m[K [01;36m[Knote: [m[K  no known conversion for argument 1 from â€˜[01m[K<brace-enclosed initializer list>[m[Kâ€™ to â€˜[01m[Kstd::initializer_list<double>[m[Kâ€™
[1.667s]   788 |       operator=([01;36m[Kinitializer_list<value_type> __l[m[K)
[1.667s]       |                 [01;36m[K~~~~~~~~~~~~~~~~~~~~~~~~~~~~~^~~[m[K
[3.350s] gmake[2]: *** [CMakeFiles/speed_pub_node.dir/build.make:76: CMakeFiles/speed_pub_node.dir/src/speed_pub_node.cpp.o] Error 1
[3.350s] gmake[1]: *** [CMakeFiles/Makefile2:137: CMakeFiles/speed_pub_node.dir/all] Error 2
[3.350s] gmake: *** [Makefile:146: all] Error 2
[3.353s] Invoked command in '/home/niles/ros2_ws/build/speed_pub' returned '2': CMAKE_PREFIX_PATH=${CMAKE_PREFIX_PATH}:/opt/ros/jazzy CONDA_PROMPT_MODIFIER=(rss) DEBUGINFOD_URLS=https://debuginfod.ubuntu.com /usr/bin/cmake --build /home/niles/ros2_ws/build/speed_pub -- -j16 -l16
