[ 50%] [32mBuilding CXX object CMakeFiles/speed_control_node.dir/src/speed_control_node.cpp.o[0m
[01m[K/home/niles/ros2_ws/src/roboteq_controller/src/speed_control_node.cpp:[m[K In constructor â€˜[01m[KSpeedControlNode::[01;32m[KSpeedControlNode[m[K()[m[Kâ€™:
[01m[K/home/niles/ros2_ws/src/roboteq_controller/src/speed_control_node.cpp:48:21:[m[K [01;35m[Kwarning: [m[Kâ€˜[01m[KSpeedControlNode::port_[m[Kâ€™ will be initialized after [[01;35m[K]8;;https://gcc.gnu.org/onlinedocs/gcc/Warning-Options.html#index-Wreorder-Wreorder]8;;[m[K]
   48 |         std::string [01;35m[Kport_[m[K;
      |                     [01;35m[K^~~~~[m[K
[01m[K/home/niles/ros2_ws/src/roboteq_controller/src/speed_control_node.cpp:47:13:[m[K [01;35m[Kwarning: [m[K  â€˜[01m[Kint SpeedControlNode::baudrate_[m[Kâ€™ [[01;35m[K]8;;https://gcc.gnu.org/onlinedocs/gcc/Warning-Options.html#index-Wreorder-Wreorder]8;;[m[K]
   47 |         int [01;35m[Kbaudrate_[m[K;
      |             [01;35m[K^~~~~~~~~[m[K
[01m[K/home/niles/ros2_ws/src/roboteq_controller/src/speed_control_node.cpp:17:9:[m[K [01;35m[Kwarning: [m[K  when initialized here [[01;35m[K]8;;https://gcc.gnu.org/onlinedocs/gcc/Warning-Options.html#index-Wreorder-Wreorder]8;;[m[K]
   17 |         [01;35m[KSpeedControlNode[m[K() : Node("speed_control_node"), port_("/dev/ttyUSB0"), baudrate_(115200), motor_1_channel_(1), motor_2_channel_(2)
      |         [01;35m[K^~~~~~~~~~~~~~~~[m[K
[01m[K/home/niles/ros2_ws/src/roboteq_controller/src/speed_control_node.cpp:47:13:[m[K [01;35m[Kwarning: [m[Kâ€˜[01m[KSpeedControlNode::baudrate_[m[Kâ€™ will be initialized after [[01;35m[K]8;;https://gcc.gnu.org/onlinedocs/gcc/Warning-Options.html#index-Wreorder-Wreorder]8;;[m[K]
   47 |         int [01;35m[Kbaudrate_[m[K;
      |             [01;35m[K^~~~~~~~~[m[K
[01m[K/home/niles/ros2_ws/src/roboteq_controller/src/speed_control_node.cpp:45:13:[m[K [01;35m[Kwarning: [m[K  â€˜[01m[Kint SpeedControlNode::motor_1_channel_[m[Kâ€™ [[01;35m[K]8;;https://gcc.gnu.org/onlinedocs/gcc/Warning-Options.html#index-Wreorder-Wreorder]8;;[m[K]
   45 |         int [01;35m[Kmotor_1_channel_[m[K;
      |             [01;35m[K^~~~~~~~~~~~~~~~[m[K
[01m[K/home/niles/ros2_ws/src/roboteq_controller/src/speed_control_node.cpp:17:9:[m[K [01;35m[Kwarning: [m[K  when initialized here [[01;35m[K]8;;https://gcc.gnu.org/onlinedocs/gcc/Warning-Options.html#index-Wreorder-Wreorder]8;;[m[K]
   17 |         [01;35m[KSpeedControlNode[m[K() : Node("speed_control_node"), port_("/dev/ttyUSB0"), baudrate_(115200), motor_1_channel_(1), motor_2_channel_(2)
      |         [01;35m[K^~~~~~~~~~~~~~~~[m[K
In file included from [01m[K/opt/ros/jazzy/include/rclcpp/rclcpp/logging.hpp:24[m[K,
                 from [01m[K/opt/ros/jazzy/include/rclcpp/rclcpp/copy_all_parameter_values.hpp:27[m[K,
                 from [01m[K/opt/ros/jazzy/include/rclcpp/rclcpp/rclcpp.hpp:171[m[K,
                 from [01m[K/home/niles/ros2_ws/src/roboteq_controller/src/speed_control_node.cpp:5[m[K:
[01m[K/home/niles/ros2_ws/src/roboteq_controller/src/speed_control_node.cpp:[m[K In member function â€˜[01m[Kvoid SpeedControlNode::[01;32m[Kread_info[m[K()[m[Kâ€™:
[01m[K/home/niles/ros2_ws/src/roboteq_controller/src/speed_control_node.cpp:177:69:[m[K [01;31m[Kerror: [m[Kâ€˜[01m[Kserial_response[m[Kâ€™ was not declared in this scope; did you mean â€˜[01m[Kserial_response_[m[Kâ€™?
  177 |             RCLCPP_INFO(this->get_logger(), "Received: %s", [01;31m[Kserial_response[m[K.c_str());
      |                                                             [01;31m[K^~~~~~~~~~~~~~~[m[K

[01m[K/home/niles/ros2_ws/src/roboteq_controller/src/speed_control_node.cpp:[m[K In member function â€˜[01m[Kvoid SpeedControlNode::[01;32m[Kpublish_info[m[K()[m[Kâ€™:
[01m[K/home/niles/ros2_ws/src/roboteq_controller/src/speed_control_node.cpp:203:56:[m[K [01;35m[Kwarning: [m[Knarrowing conversion of â€˜[01m[Kmotor_info.SpeedControlNode::motor_info_struct::motor_1_speed[m[Kâ€™ from â€˜[01m[Kint[m[Kâ€™ to â€˜[01m[Kdouble[m[Kâ€™ [[01;35m[K]8;;https://gcc.gnu.org/onlinedocs/gcc/Warning-Options.html#index-Wnarrowing-Wnarrowing]8;;[m[K]
  203 |                     wheel_speed_msg.data = {[01;35m[Kmotor_info.motor_1_speed[m[K, motor_info.motor_2_speed};
      |                                             [01;35m[K~~~~~~~~~~~^~~~~~~~~~~~~[m[K
[01m[K/home/niles/ros2_ws/src/roboteq_controller/src/speed_control_node.cpp:203:56:[m[K [01;35m[Kwarning: [m[Knarrowing conversion of â€˜[01m[Kmotor_info.SpeedControlNode::motor_info_struct::motor_1_speed[m[Kâ€™ from â€˜[01m[Kint[m[Kâ€™ to â€˜[01m[Kdouble[m[Kâ€™ [[01;35m[K]8;;https://gcc.gnu.org/onlinedocs/gcc/Warning-Options.html#index-Wnarrowing-Wnarrowing]8;;[m[K]
[01m[K/home/niles/ros2_ws/src/roboteq_controller/src/speed_control_node.cpp:203:82:[m[K [01;35m[Kwarning: [m[Knarrowing conversion of â€˜[01m[Kmotor_info.SpeedControlNode::motor_info_struct::motor_2_speed[m[Kâ€™ from â€˜[01m[Kint[m[Kâ€™ to â€˜[01m[Kdouble[m[Kâ€™ [[01;35m[K]8;;https://gcc.gnu.org/onlinedocs/gcc/Warning-Options.html#index-Wnarrowing-Wnarrowing]8;;[m[K]
  203 | heel_speed_msg.data = {motor_info.motor_1_speed, [01;35m[Kmotor_info.motor_2_speed[m[K};
      |                                                  [01;35m[K~~~~~~~~~~~^~~~~~~~~~~~~[m[K

[01m[K/home/niles/ros2_ws/src/roboteq_controller/src/speed_control_node.cpp:203:82:[m[K [01;35m[Kwarning: [m[Knarrowing conversion of â€˜[01m[Kmotor_info.SpeedControlNode::motor_info_struct::motor_2_speed[m[Kâ€™ from â€˜[01m[Kint[m[Kâ€™ to â€˜[01m[Kdouble[m[Kâ€™ [[01;35m[K]8;;https://gcc.gnu.org/onlinedocs/gcc/Warning-Options.html#index-Wnarrowing-Wnarrowing]8;;[m[K]
gmake[2]: *** [CMakeFiles/speed_control_node.dir/build.make:76: CMakeFiles/speed_control_node.dir/src/speed_control_node.cpp.o] Error 1
gmake[1]: *** [CMakeFiles/Makefile2:137: CMakeFiles/speed_control_node.dir/all] Error 2
gmake: *** [Makefile:146: all] Error 2
