[0.007s] Invoking command in '/home/niles/ros2_ws/build/roboteq_controller': CMAKE_PREFIX_PATH=/opt/ros/jazzy:/home/niles/ros2_ws/install/serial:${CMAKE_PREFIX_PATH} CONDA_PROMPT_MODIFIER=(rss) DEBUGINFOD_URLS=https://debuginfod.ubuntu.com PKG_CONFIG_PATH=/home/niles/ros2_ws/install/serial/lib/x86_64-linux-gnu/pkgconfig:/home/niles/ros2_ws/install/serial/lib/pkgconfig ROS_PACKAGE_PATH=/home/niles/ros2_ws/install/serial/share /usr/bin/cmake --build /home/niles/ros2_ws/build/roboteq_controller -- -j16 -l16
[0.056s] [ 50%] [32mBuilding CXX object CMakeFiles/speed_control_node.dir/src/speed_control_node.cpp.o[0m
[1.488s] [01m[K/home/niles/ros2_ws/src/roboteq_controller/src/speed_control_node.cpp:[m[K In constructor â€˜[01m[KSpeedControlNode::[01;32m[KSpeedControlNode[m[K()[m[Kâ€™:
[1.488s] [01m[K/home/niles/ros2_ws/src/roboteq_controller/src/speed_control_node.cpp:48:21:[m[K [01;35m[Kwarning: [m[Kâ€˜[01m[KSpeedControlNode::port_[m[Kâ€™ will be initialized after [[01;35m[K]8;;https://gcc.gnu.org/onlinedocs/gcc/Warning-Options.html#index-Wreorder-Wreorder]8;;[m[K]
[1.488s]    48 |         std::string [01;35m[Kport_[m[K;
[1.488s]       |                     [01;35m[K^~~~~[m[K
[1.488s] [01m[K/home/niles/ros2_ws/src/roboteq_controller/src/speed_control_node.cpp:47:13:[m[K [01;35m[Kwarning: [m[K  â€˜[01m[Kint SpeedControlNode::baudrate_[m[Kâ€™ [[01;35m[K]8;;https://gcc.gnu.org/onlinedocs/gcc/Warning-Options.html#index-Wreorder-Wreorder]8;;[m[K]
[1.489s]    47 |         int [01;35m[Kbaudrate_[m[K;
[1.489s]       |             [01;35m[K^~~~~~~~~[m[K
[1.489s] [01m[K/home/niles/ros2_ws/src/roboteq_controller/src/speed_control_node.cpp:17:9:[m[K [01;35m[Kwarning: [m[K  when initialized here [[01;35m[K]8;;https://gcc.gnu.org/onlinedocs/gcc/Warning-Options.html#index-Wreorder-Wreorder]8;;[m[K]
[1.489s]    17 |         [01;35m[KSpeedControlNode[m[K() : Node("speed_control_node"), port_("/dev/ttyUSB0"), baudrate_(115200), motor_1_channel_(1), motor_2_channel_(2)
[1.489s]       |         [01;35m[K^~~~~~~~~~~~~~~~[m[K
[1.489s] [01m[K/home/niles/ros2_ws/src/roboteq_controller/src/speed_control_node.cpp:47:13:[m[K [01;35m[Kwarning: [m[Kâ€˜[01m[KSpeedControlNode::baudrate_[m[Kâ€™ will be initialized after [[01;35m[K]8;;https://gcc.gnu.org/onlinedocs/gcc/Warning-Options.html#index-Wreorder-Wreorder]8;;[m[K]
[1.489s]    47 |         int [01;35m[Kbaudrate_[m[K;
[1.489s]       |             [01;35m[K^~~~~~~~~[m[K
[1.489s] [01m[K/home/niles/ros2_ws/src/roboteq_controller/src/speed_control_node.cpp:45:13:[m[K [01;35m[Kwarning: [m[K  â€˜[01m[Kint SpeedControlNode::motor_1_channel_[m[Kâ€™ [[01;35m[K]8;;https://gcc.gnu.org/onlinedocs/gcc/Warning-Options.html#index-Wreorder-Wreorder]8;;[m[K]
[1.489s]    45 |         int [01;35m[Kmotor_1_channel_[m[K;
[1.489s]       |             [01;35m[K^~~~~~~~~~~~~~~~[m[K
[1.489s] [01m[K/home/niles/ros2_ws/src/roboteq_controller/src/speed_control_node.cpp:17:9:[m[K [01;35m[Kwarning: [m[K  when initialized here [[01;35m[K]8;;https://gcc.gnu.org/onlinedocs/gcc/Warning-Options.html#index-Wreorder-Wreorder]8;;[m[K]
[1.489s]    17 |         [01;35m[KSpeedControlNode[m[K() : Node("speed_control_node"), port_("/dev/ttyUSB0"), baudrate_(115200), motor_1_channel_(1), motor_2_channel_(2)
[1.489s]       |         [01;35m[K^~~~~~~~~~~~~~~~[m[K
[1.511s] In file included from [01m[K/opt/ros/jazzy/include/rclcpp/rclcpp/logging.hpp:24[m[K,
[1.511s]                  from [01m[K/opt/ros/jazzy/include/rclcpp/rclcpp/copy_all_parameter_values.hpp:27[m[K,
[1.511s]                  from [01m[K/opt/ros/jazzy/include/rclcpp/rclcpp/rclcpp.hpp:171[m[K,
[1.511s]                  from [01m[K/home/niles/ros2_ws/src/roboteq_controller/src/speed_control_node.cpp:5[m[K:
[1.511s] [01m[K/home/niles/ros2_ws/src/roboteq_controller/src/speed_control_node.cpp:[m[K In member function â€˜[01m[Kvoid SpeedControlNode::[01;32m[Kread_info[m[K()[m[Kâ€™:
[1.511s] [01m[K/home/niles/ros2_ws/src/roboteq_controller/src/speed_control_node.cpp:177:69:[m[K [01;31m[Kerror: [m[Kâ€˜[01m[Kserial_response[m[Kâ€™ was not declared in this scope; did you mean â€˜[01m[Kserial_response_[m[Kâ€™?
[1.512s]   177 |             RCLCPP_INFO(this->get_logger(), "Received: %s", [01;31m[Kserial_response[m[K.c_str());
[1.512s]       |                                                             [01;31m[K^~~~~~~~~~~~~~~[m[K
[1.512s] 
[1.512s] [01m[K/home/niles/ros2_ws/src/roboteq_controller/src/speed_control_node.cpp:[m[K In member function â€˜[01m[Kvoid SpeedControlNode::[01;32m[Kpublish_info[m[K()[m[Kâ€™:
[1.512s] [01m[K/home/niles/ros2_ws/src/roboteq_controller/src/speed_control_node.cpp:203:56:[m[K [01;35m[Kwarning: [m[Knarrowing conversion of â€˜[01m[Kmotor_info.SpeedControlNode::motor_info_struct::motor_1_speed[m[Kâ€™ from â€˜[01m[Kint[m[Kâ€™ to â€˜[01m[Kdouble[m[Kâ€™ [[01;35m[K]8;;https://gcc.gnu.org/onlinedocs/gcc/Warning-Options.html#index-Wnarrowing-Wnarrowing]8;;[m[K]
[1.512s]   203 |                     wheel_speed_msg.data = {[01;35m[Kmotor_info.motor_1_speed[m[K, motor_info.motor_2_speed};
[1.512s]       |                                             [01;35m[K~~~~~~~~~~~^~~~~~~~~~~~~[m[K
[1.512s] [01m[K/home/niles/ros2_ws/src/roboteq_controller/src/speed_control_node.cpp:203:56:[m[K [01;35m[Kwarning: [m[Knarrowing conversion of â€˜[01m[Kmotor_info.SpeedControlNode::motor_info_struct::motor_1_speed[m[Kâ€™ from â€˜[01m[Kint[m[Kâ€™ to â€˜[01m[Kdouble[m[Kâ€™ [[01;35m[K]8;;https://gcc.gnu.org/onlinedocs/gcc/Warning-Options.html#index-Wnarrowing-Wnarrowing]8;;[m[K]
[1.512s] [01m[K/home/niles/ros2_ws/src/roboteq_controller/src/speed_control_node.cpp:203:82:[m[K [01;35m[Kwarning: [m[Knarrowing conversion of â€˜[01m[Kmotor_info.SpeedControlNode::motor_info_struct::motor_2_speed[m[Kâ€™ from â€˜[01m[Kint[m[Kâ€™ to â€˜[01m[Kdouble[m[Kâ€™ [[01;35m[K]8;;https://gcc.gnu.org/onlinedocs/gcc/Warning-Options.html#index-Wnarrowing-Wnarrowing]8;;[m[K]
[1.513s]   203 | heel_speed_msg.data = {motor_info.motor_1_speed, [01;35m[Kmotor_info.motor_2_speed[m[K};
[1.513s]       |                                                  [01;35m[K~~~~~~~~~~~^~~~~~~~~~~~~[m[K
[1.513s] 
[1.513s] [01m[K/home/niles/ros2_ws/src/roboteq_controller/src/speed_control_node.cpp:203:82:[m[K [01;35m[Kwarning: [m[Knarrowing conversion of â€˜[01m[Kmotor_info.SpeedControlNode::motor_info_struct::motor_2_speed[m[Kâ€™ from â€˜[01m[Kint[m[Kâ€™ to â€˜[01m[Kdouble[m[Kâ€™ [[01;35m[K]8;;https://gcc.gnu.org/onlinedocs/gcc/Warning-Options.html#index-Wnarrowing-Wnarrowing]8;;[m[K]
[3.212s] gmake[2]: *** [CMakeFiles/speed_control_node.dir/build.make:76: CMakeFiles/speed_control_node.dir/src/speed_control_node.cpp.o] Error 1
[3.212s] gmake[1]: *** [CMakeFiles/Makefile2:137: CMakeFiles/speed_control_node.dir/all] Error 2
[3.213s] gmake: *** [Makefile:146: all] Error 2
[3.215s] Invoked command in '/home/niles/ros2_ws/build/roboteq_controller' returned '2': CMAKE_PREFIX_PATH=/opt/ros/jazzy:/home/niles/ros2_ws/install/serial:${CMAKE_PREFIX_PATH} CONDA_PROMPT_MODIFIER=(rss) DEBUGINFOD_URLS=https://debuginfod.ubuntu.com PKG_CONFIG_PATH=/home/niles/ros2_ws/install/serial/lib/x86_64-linux-gnu/pkgconfig:/home/niles/ros2_ws/install/serial/lib/pkgconfig ROS_PACKAGE_PATH=/home/niles/ros2_ws/install/serial/share /usr/bin/cmake --build /home/niles/ros2_ws/build/roboteq_controller -- -j16 -l16
