[0.013s] Invoking command in '/home/niles/ros2_ws/build/roboteq_controller': CMAKE_PREFIX_PATH=/opt/ros/jazzy:/home/niles/ros2_ws/install/serial:${CMAKE_PREFIX_PATH} CONDA_PROMPT_MODIFIER=(rss) DEBUGINFOD_URLS=https://debuginfod.ubuntu.com PKG_CONFIG_PATH=/home/niles/ros2_ws/install/serial/lib/x86_64-linux-gnu/pkgconfig:/home/niles/ros2_ws/install/serial/lib/pkgconfig ROS_PACKAGE_PATH=/home/niles/ros2_ws/install/serial/share /usr/bin/cmake --build /home/niles/ros2_ws/build/roboteq_controller -- -j16 -l16
[0.069s] [ 50%] [32mBuilding CXX object CMakeFiles/speed_control_node.dir/src/speed_control_node.cpp.o[0m
[1.675s] [01m[K/home/niles/ros2_ws/src/roboteq_controller/src/speed_control_node.cpp:[m[K In constructor â€˜[01m[KSpeedControlNode::[01;32m[KSpeedControlNode[m[K()[m[Kâ€™:
[1.675s] [01m[K/home/niles/ros2_ws/src/roboteq_controller/src/speed_control_node.cpp:45:21:[m[K [01;35m[Kwarning: [m[Kâ€˜[01m[KSpeedControlNode::port_[m[Kâ€™ will be initialized after [[01;35m[K]8;;https://gcc.gnu.org/onlinedocs/gcc/Warning-Options.html#index-Wreorder-Wreorder]8;;[m[K]
[1.675s]    45 |         std::string [01;35m[Kport_[m[K;
[1.675s]       |                     [01;35m[K^~~~~[m[K
[1.675s] [01m[K/home/niles/ros2_ws/src/roboteq_controller/src/speed_control_node.cpp:44:13:[m[K [01;35m[Kwarning: [m[K  â€˜[01m[Kint SpeedControlNode::baudrate_[m[Kâ€™ [[01;35m[K]8;;https://gcc.gnu.org/onlinedocs/gcc/Warning-Options.html#index-Wreorder-Wreorder]8;;[m[K]
[1.675s]    44 |         int [01;35m[Kbaudrate_[m[K;
[1.675s]       |             [01;35m[K^~~~~~~~~[m[K
[1.675s] [01m[K/home/niles/ros2_ws/src/roboteq_controller/src/speed_control_node.cpp:16:9:[m[K [01;35m[Kwarning: [m[K  when initialized here [[01;35m[K]8;;https://gcc.gnu.org/onlinedocs/gcc/Warning-Options.html#index-Wreorder-Wreorder]8;;[m[K]
[1.675s]    16 |         [01;35m[KSpeedControlNode[m[K() : Node("speed_control_node"), port_("/dev/ttyUSB0"), baudrate_(115200), motor_1_channel_(1), motor_2_channel_(2)
[1.676s]       |         [01;35m[K^~~~~~~~~~~~~~~~[m[K
[1.676s] [01m[K/home/niles/ros2_ws/src/roboteq_controller/src/speed_control_node.cpp:44:13:[m[K [01;35m[Kwarning: [m[Kâ€˜[01m[KSpeedControlNode::baudrate_[m[Kâ€™ will be initialized after [[01;35m[K]8;;https://gcc.gnu.org/onlinedocs/gcc/Warning-Options.html#index-Wreorder-Wreorder]8;;[m[K]
[1.676s]    44 |         int [01;35m[Kbaudrate_[m[K;
[1.676s]       |             [01;35m[K^~~~~~~~~[m[K
[1.676s] [01m[K/home/niles/ros2_ws/src/roboteq_controller/src/speed_control_node.cpp:42:13:[m[K [01;35m[Kwarning: [m[K  â€˜[01m[Kint SpeedControlNode::motor_1_channel_[m[Kâ€™ [[01;35m[K]8;;https://gcc.gnu.org/onlinedocs/gcc/Warning-Options.html#index-Wreorder-Wreorder]8;;[m[K]
[1.676s]    42 |         int [01;35m[Kmotor_1_channel_[m[K;
[1.676s]       |             [01;35m[K^~~~~~~~~~~~~~~~[m[K
[1.676s] [01m[K/home/niles/ros2_ws/src/roboteq_controller/src/speed_control_node.cpp:16:9:[m[K [01;35m[Kwarning: [m[K  when initialized here [[01;35m[K]8;;https://gcc.gnu.org/onlinedocs/gcc/Warning-Options.html#index-Wreorder-Wreorder]8;;[m[K]
[1.676s]    16 |         [01;35m[KSpeedControlNode[m[K() : Node("speed_control_node"), port_("/dev/ttyUSB0"), baudrate_(115200), motor_1_channel_(1), motor_2_channel_(2)
[1.676s]       |         [01;35m[K^~~~~~~~~~~~~~~~[m[K
[1.692s] [01m[K/home/niles/ros2_ws/src/roboteq_controller/src/speed_control_node.cpp:[m[K In member function â€˜[01m[Kvoid SpeedControlNode::[01;32m[Kget_speed[m[K()[m[Kâ€™:
[1.692s] [01m[K/home/niles/ros2_ws/src/roboteq_controller/src/speed_control_node.cpp:160:26:[m[K [01;31m[Kerror: [m[Kâ€˜[01m[Kclass serial::Serial[m[Kâ€™ has no member named â€˜[01m[KdiscardIn[m[Kâ€™
[1.692s]   160 |                 serial_->[01;31m[KdiscardIn[m[K();
[1.692s]       |                          [01;31m[K^~~~~~~~~[m[K
[3.389s] gmake[2]: *** [CMakeFiles/speed_control_node.dir/build.make:76: CMakeFiles/speed_control_node.dir/src/speed_control_node.cpp.o] Error 1
[3.390s] gmake[1]: *** [CMakeFiles/Makefile2:137: CMakeFiles/speed_control_node.dir/all] Error 2
[3.390s] gmake: *** [Makefile:146: all] Error 2
[3.392s] Invoked command in '/home/niles/ros2_ws/build/roboteq_controller' returned '2': CMAKE_PREFIX_PATH=/opt/ros/jazzy:/home/niles/ros2_ws/install/serial:${CMAKE_PREFIX_PATH} CONDA_PROMPT_MODIFIER=(rss) DEBUGINFOD_URLS=https://debuginfod.ubuntu.com PKG_CONFIG_PATH=/home/niles/ros2_ws/install/serial/lib/x86_64-linux-gnu/pkgconfig:/home/niles/ros2_ws/install/serial/lib/pkgconfig ROS_PACKAGE_PATH=/home/niles/ros2_ws/install/serial/share /usr/bin/cmake --build /home/niles/ros2_ws/build/roboteq_controller -- -j16 -l16
