[0.010s] Invoking command in '/home/niles/ros2_ws/build/speed_pub': CMAKE_PREFIX_PATH=${CMAKE_PREFIX_PATH}:/opt/ros/jazzy CONDA_PROMPT_MODIFIER=(rss) DEBUGINFOD_URLS=https://debuginfod.ubuntu.com /usr/bin/cmake --build /home/niles/ros2_ws/build/speed_pub -- -j16 -l16
[0.070s] [ 50%] [32mBuilding CXX object CMakeFiles/speed_pub_node.dir/src/speed_pub_node.cpp.o[0m
[1.851s] [01m[K/home/niles/ros2_ws/src/speed_pub/src/speed_pub_node.cpp:26:38:[m[K [01;31m[Kerror: [m[Kâ€˜[01m[KInt32MultiArray[m[Kâ€™ is not a member of â€˜[01m[Kstd_msgs::msg[m[Kâ€™; did you mean â€˜[01m[KFloat64MultiArray[m[Kâ€™?
[1.851s]    26 |     rclcpp::Publisher<std_msgs::msg::[01;31m[KInt32MultiArray[m[K>::SharedPtr target_speed_publisher_;
[1.851s]       |                                      [01;31m[K^~~~~~~~~~~~~~~[m[K
[1.851s]       |                                      [32m[KFloat64MultiArray[m[K
[1.851s] [01m[K/home/niles/ros2_ws/src/speed_pub/src/speed_pub_node.cpp:26:53:[m[K [01;31m[Kerror: [m[Ktemplate argument 1 is invalid
[1.851s]    26 |     rclcpp::Publisher<std_msgs::msg::Int32MultiArray[01;31m[K>[m[K::SharedPtr target_speed_publisher_;
[1.851s]       |                                                     [01;31m[K^[m[K
[1.851s] [01m[K/home/niles/ros2_ws/src/speed_pub/src/speed_pub_node.cpp:26:56:[m[K [01;31m[Kerror: [m[Kexpected â€˜[01m[K;[m[Kâ€™ at end of member declaration
[1.851s]    26 |     rclcpp::Publisher<std_msgs::msg::Int32MultiArray>::[01;31m[KSharedPtr[m[K target_speed_publisher_;
[1.851s]       |                                                        [01;31m[K^~~~~~~~~[m[K
[1.851s]       |                                                                 [32m[K;[m[K
[1.855s] [01m[K/home/niles/ros2_ws/src/speed_pub/src/speed_pub_node.cpp:26:66:[m[K [01;31m[Kerror: [m[Kâ€˜[01m[Ktarget_speed_publisher_[m[Kâ€™ does not name a type
[1.855s]    26 | clcpp::Publisher<std_msgs::msg::Int32MultiArray>::SharedPtr [01;31m[Ktarget_speed_publisher_[m[K;
[1.855s]       |                                                             [01;31m[K^~~~~~~~~~~~~~~~~~~~~~~[m[K
[1.855s] 
[1.865s] [01m[K/home/niles/ros2_ws/src/speed_pub/src/speed_pub_node.cpp:[m[K In constructor â€˜[01m[KSpeedPubNode::[01;32m[KSpeedPubNode[m[K()[m[Kâ€™:
[1.865s] [01m[K/home/niles/ros2_ws/src/speed_pub/src/speed_pub_node.cpp:18:13:[m[K [01;31m[Kerror: [m[Kâ€˜[01m[Ktarget_speed_publisher_[m[Kâ€™ was not declared in this scope
[1.865s]    18 |             [01;31m[Ktarget_speed_publisher_[m[K = this->create_publisher<std_msgs::msg::Float64MultiArray>("target_speed", 10);
[1.865s]       |             [01;31m[K^~~~~~~~~~~~~~~~~~~~~~~[m[K
[1.874s] [01m[K/home/niles/ros2_ws/src/speed_pub/src/speed_pub_node.cpp:19:13:[m[K [01;31m[Kerror: [m[Kâ€˜[01m[Krc_input_subscriber_[m[Kâ€™ was not declared in this scope; did you mean â€˜[01m[Kcount_subscribers[m[Kâ€™?
[1.875s]    19 |             [01;31m[Krc_input_subscriber_[m[K = this->create_subscription<geometry_msgs::msg::Twist>("rc_input", 10, std::bind(&SpeedPubNode::wheel_speed_calc, this, std::placeholders::_1));
[1.875s]       |             [01;31m[K^~~~~~~~~~~~~~~~~~~~[m[K
[1.875s]       |             [32m[Kcount_subscribers[m[K
[1.912s] [01m[K/home/niles/ros2_ws/src/speed_pub/src/speed_pub_node.cpp:[m[K In member function â€˜[01m[Kvoid SpeedPubNode::[01;32m[Ktimer_callback[m[K()[m[Kâ€™:
[1.912s] [01m[K/home/niles/ros2_ws/src/speed_pub/src/speed_pub_node.cpp:43:34:[m[K [01;31m[Kerror: [m[Kâ€˜[01m[Kleft_speed[m[Kâ€™ was not declared in this scope; did you mean â€˜[01m[Kleft_speed_[m[Kâ€™?
[1.912s]    43 |         target_speed_msg.data = {[01;31m[Kleft_speed[m[K, right_speed};
[1.912s]       |                                  [01;31m[K^~~~~~~~~~[m[K
[1.913s]       |                                  [32m[Kleft_speed_[m[K
[1.916s] [01m[K/home/niles/ros2_ws/src/speed_pub/src/speed_pub_node.cpp:43:46:[m[K [01;31m[Kerror: [m[Kâ€˜[01m[Kright_speed[m[Kâ€™ was not declared in this scope; did you mean â€˜[01m[Kright_speed_[m[Kâ€™?
[1.916s]    43 |         target_speed_msg.data = {left_speed, [01;31m[Kright_speed[m[K};
[1.916s]       |                                              [01;31m[K^~~~~~~~~~~[m[K
[1.917s]       |                                              [32m[Kright_speed_[m[K
[1.917s] [01m[K/home/niles/ros2_ws/src/speed_pub/src/speed_pub_node.cpp:43:57:[m[K [01;31m[Kerror: [m[Kno match for â€˜[01m[Koperator=[m[Kâ€™ (operand types are â€˜[01m[Kstd_msgs::msg::Float64MultiArray_<std::allocator<void> >::_data_type[m[Kâ€™ {aka â€˜[01m[Kstd::vector<double, std::allocator<double> >[m[Kâ€™} and â€˜[01m[K<brace-enclosed initializer list>[m[Kâ€™)
[1.917s]    43 |         target_speed_msg.data = {left_speed, right_speed[01;31m[K}[m[K;
[1.917s]       |                                                         [01;31m[K^[m[K
[1.917s] In file included from [01m[K/usr/include/c++/13/vector:72[m[K,
[1.917s]                  from [01m[K/usr/include/c++/13/functional:64[m[K,
[1.917s]                  from [01m[K/home/niles/ros2_ws/src/speed_pub/src/speed_pub_node.cpp:2[m[K:
[1.917s] [01m[K/usr/include/c++/13/bits/vector.tcc:210:5:[m[K [01;36m[Knote: [m[Kcandidate: â€˜[01m[Kstd::vector<_Tp, _Alloc>& std::vector<_Tp, _Alloc>::[01;32m[Koperator=[m[K(const std::vector<_Tp, _Alloc>&) [35m[K[with _Tp = double; _Alloc = std::allocator<double>][m[K[m[Kâ€™
[1.917s]   210 |     [01;36m[Kvector<_Tp, _Alloc>[m[K::
[1.917s]       |     [01;36m[K^~~~~~~~~~~~~~~~~~~[m[K
[1.917s] [01m[K/usr/include/c++/13/bits/vector.tcc:211:42:[m[K [01;36m[Knote: [m[K  no known conversion for argument 1 from â€˜[01m[K<brace-enclosed initializer list>[m[Kâ€™ to â€˜[01m[Kconst std::vector<double, std::allocator<double> >&[m[Kâ€™
[1.917s]   211 |     operator=([01;36m[Kconst vector<_Tp, _Alloc>& __x[m[K)
[1.917s]       |               [01;36m[K~~~~~~~~~~~~~~~~~~~~~~~~~~~^~~[m[K
[1.917s] In file included from [01m[K/usr/include/c++/13/vector:66[m[K:
[1.917s] [01m[K/usr/include/c++/13/bits/stl_vector.h:766:7:[m[K [01;36m[Knote: [m[Kcandidate: â€˜[01m[Kstd::vector<_Tp, _Alloc>& std::vector<_Tp, _Alloc>::[01;32m[Koperator=[m[K(std::vector<_Tp, _Alloc>&&) [35m[K[with _Tp = double; _Alloc = std::allocator<double>][m[K[m[Kâ€™
[1.917s]   766 |       [01;36m[Koperator[m[K=(vector&& __x) noexcept(_Alloc_traits::_S_nothrow_move())
[1.917s]       |       [01;36m[K^~~~~~~~[m[K
[1.917s] [01m[K/usr/include/c++/13/bits/stl_vector.h:766:26:[m[K [01;36m[Knote: [m[K  no known conversion for argument 1 from â€˜[01m[K<brace-enclosed initializer list>[m[Kâ€™ to â€˜[01m[Kstd::vector<double, std::allocator<double> >&&[m[Kâ€™
[1.917s]   766 |       operator=([01;36m[Kvector&& __x[m[K) noexcept(_Alloc_traits::_S_nothrow_move())
[1.917s]       |                 [01;36m[K~~~~~~~~~^~~[m[K
[1.917s] [01m[K/usr/include/c++/13/bits/stl_vector.h:788:7:[m[K [01;36m[Knote: [m[Kcandidate: â€˜[01m[Kstd::vector<_Tp, _Alloc>& std::vector<_Tp, _Alloc>::[01;32m[Koperator=[m[K(std::initializer_list<_Tp>) [35m[K[with _Tp = double; _Alloc = std::allocator<double>][m[K[m[Kâ€™
[1.917s]   788 |       [01;36m[Koperator[m[K=(initializer_list<value_type> __l)
[1.917s]       |       [01;36m[K^~~~~~~~[m[K
[1.917s] [01m[K/usr/include/c++/13/bits/stl_vector.h:788:46:[m[K [01;36m[Knote: [m[K  no known conversion for argument 1 from â€˜[01m[K<brace-enclosed initializer list>[m[Kâ€™ to â€˜[01m[Kstd::initializer_list<double>[m[Kâ€™
[1.917s]   788 |       operator=([01;36m[Kinitializer_list<value_type> __l[m[K)
[1.917s]       |                 [01;36m[K~~~~~~~~~~~~~~~~~~~~~~~~~~~~~^~~[m[K
[1.923s] [01m[K/home/niles/ros2_ws/src/speed_pub/src/speed_pub_node.cpp:45:9:[m[K [01;31m[Kerror: [m[Kâ€˜[01m[Ktarget_speed_publisher_[m[Kâ€™ was not declared in this scope
[1.924s]    45 |         [01;31m[Ktarget_speed_publisher_[m[K->publish(target_speed_msg);
[1.924s]       |         [01;31m[K^~~~~~~~~~~~~~~~~~~~~~~[m[K
[3.799s] gmake[2]: *** [CMakeFiles/speed_pub_node.dir/build.make:76: CMakeFiles/speed_pub_node.dir/src/speed_pub_node.cpp.o] Error 1
[3.800s] gmake[1]: *** [CMakeFiles/Makefile2:137: CMakeFiles/speed_pub_node.dir/all] Error 2
[3.800s] gmake: *** [Makefile:146: all] Error 2
[3.803s] Invoked command in '/home/niles/ros2_ws/build/speed_pub' returned '2': CMAKE_PREFIX_PATH=${CMAKE_PREFIX_PATH}:/opt/ros/jazzy CONDA_PROMPT_MODIFIER=(rss) DEBUGINFOD_URLS=https://debuginfod.ubuntu.com /usr/bin/cmake --build /home/niles/ros2_ws/build/speed_pub -- -j16 -l16
