[01m[K/home/niles/ros2_ws/src/speed_pub/src/speed_pub_node.cpp:[m[K In member function â€˜[01m[Kvoid SpeedPubNode::[01;32m[Kset_target_speed[m[K(geometry_msgs::msg::Twist_<std::allocator<void> >::SharedPtr)[m[Kâ€™:
[01m[K/home/niles/ros2_ws/src/speed_pub/src/speed_pub_node.cpp:30:38:[m[K [01;31m[Kerror: [m[Kâ€˜[01m[Kwheel_base_[m[Kâ€™ was not declared in this scope; did you mean â€˜[01m[Kwheel_base[m[Kâ€™?
   30 |         left_speed = msg->linear.x + [01;31m[Kwheel_base_[m[K*msg->angular.z;
      |                                      [01;31m[K^~~~~~~~~~~[m[K
      |                                      [32m[Kwheel_base[m[K
gmake[2]: *** [CMakeFiles/speed_pub_node.dir/build.make:76: CMakeFiles/speed_pub_node.dir/src/speed_pub_node.cpp.o] Error 1
gmake[1]: *** [CMakeFiles/Makefile2:137: CMakeFiles/speed_pub_node.dir/all] Error 2
gmake: *** [Makefile:146: all] Error 2
