[0.000000] (-) TimerEvent: {}
[0.000936] (-) JobUnselected: {'identifier': 'robosense_description'}
[0.001021] (-) JobUnselected: {'identifier': 'robosense_gazebo_plugins'}
[0.001062] (-) JobUnselected: {'identifier': 'roboteq_controller'}
[0.001096] (-) JobUnselected: {'identifier': 'serial'}
[0.001255] (-) JobUnselected: {'identifier': 'smb_description'}
[0.001295] (-) JobUnselected: {'identifier': 'smb_driver'}
[0.001312] (-) JobUnselected: {'identifier': 'smb_lowlevel_controller'}
[0.001331] (speed_pub) JobQueued: {'identifier': 'speed_pub', 'dependencies': OrderedDict()}
[0.001351] (speed_pub) JobStarted: {'identifier': 'speed_pub'}
[0.014170] (speed_pub) JobProgress: {'identifier': 'speed_pub', 'progress': 'cmake'}
[0.014946] (speed_pub) JobProgress: {'identifier': 'speed_pub', 'progress': 'build'}
[0.015697] (speed_pub) Command: {'cmd': ['/usr/bin/cmake', '--build', '/home/niles/ros2_ws/build/speed_pub', '--', '-j16', '-l16'], 'cwd': '/home/niles/ros2_ws/build/speed_pub', 'env': OrderedDict({'LESSOPEN': '| /usr/bin/lesspipe %s', 'CONDA_PROMPT_MODIFIER': '(rss)', 'USER': 'niles', 'XDG_SESSION_TYPE': 'wayland', 'SHLVL': '1', 'LD_LIBRARY_PATH': '/opt/ros/jazzy/opt/rviz_ogre_vendor/lib:/opt/ros/jazzy/lib/x86_64-linux-gnu:/opt/ros/jazzy/opt/gz_math_vendor/lib:/opt/ros/jazzy/opt/gz_utils_vendor/lib:/opt/ros/jazzy/opt/gz_cmake_vendor/lib:/opt/ros/jazzy/lib', 'HOME': '/home/niles', 'CONDA_SHLVL': '2', 'OLDPWD': '/home/niles', 'DESKTOP_SESSION': 'ubuntu', 'ROS_PYTHON_VERSION': '3', 'GNOME_SHELL_SESSION_MODE': 'ubuntu', 'GTK_MODULES': 'gail:atk-bridge', 'DBUS_STARTER_BUS_TYPE': 'session', 'SYSTEMD_EXEC_PID': '2526', 'GSM_SKIP_SSH_AGENT_WORKAROUND': 'true', 'DBUS_SESSION_BUS_ADDRESS': 'unix:path=/run/user/1000/bus,guid=b8acfb8e53606b15a7d07ea267c6c638', 'COLORTERM': 'truecolor', '_CE_M': '', 'DEBUGINFOD_URLS': 'https://debuginfod.ubuntu.com', 'IM_CONFIG_PHASE': '1', 'WAYLAND_DISPLAY': 'wayland-0', 'ROS_DISTRO': 'jazzy', 'LOGNAME': 'niles', '_': '/usr/bin/colcon', 'ROS_VERSION': '2', 'MEMORY_PRESSURE_WATCH': '/sys/fs/cgroup/user.slice/user-1000.slice/user@1000.service/app.slice/app-gnome\\x2dsession\\x2dmanager.slice/gnome-session-manager@ubuntu.service/memory.pressure', 'XDG_SESSION_CLASS': 'user', 'USERNAME': 'niles', 'TERM': 'xterm-256color', 'GNOME_DESKTOP_SESSION_ID': 'this-is-deprecated', '_CE_CONDA': '', 'PATH': '/opt/ros/jazzy/bin:/home/niles/miniforge3/envs/rss/bin:/home/niles/miniforge3/condabin:/usr/local/sbin:/usr/local/bin:/usr/sbin:/usr/bin:/sbin:/bin:/usr/games:/usr/local/games:/snap/bin:/snap/bin', 'SESSION_MANAGER': 'local/niles-ThinkPad-P14s-Gen-4:@/tmp/.ICE-unix/2526,unix/niles-ThinkPad-P14s-Gen-4:/tmp/.ICE-unix/2526', 'XDG_MENU_PREFIX': 'gnome-', 'GNOME_TERMINAL_SCREEN': '/org/gnome/Terminal/screen/65b7eaae_36ab_4d1e_b40b_53d8671d80d2', 'GNOME_SETUP_DISPLAY': ':1', 'XDG_RUNTIME_DIR': '/run/user/1000', 'DISPLAY': ':0', 'LANG': 'en_US.UTF-8', 'XDG_CURRENT_DESKTOP': 'ubuntu:GNOME', 'CONDA_PREFIX_1': '/home/niles/miniforge3', 'XMODIFIERS': '@im=ibus', 'XDG_SESSION_DESKTOP': 'ubuntu', 'XAUTHORITY': '/run/user/1000/.mutter-Xwaylandauth.3S7W22', 'LS_COLORS': 'rs=0:di=01;34:ln=01;36:mh=00:pi=40;33:so=01;35:do=01;35:bd=40;33;01:cd=40;33;01:or=40;31;01:mi=00:su=37;41:sg=30;43:ca=00:tw=30;42:ow=34;42:st=37;44:ex=01;32:*.tar=01;31:*.tgz=01;31:*.arc=01;31:*.arj=01;31:*.taz=01;31:*.lha=01;31:*.lz4=01;31:*.lzh=01;31:*.lzma=01;31:*.tlz=01;31:*.txz=01;31:*.tzo=01;31:*.t7z=01;31:*.zip=01;31:*.z=01;31:*.dz=01;31:*.gz=01;31:*.lrz=01;31:*.lz=01;31:*.lzo=01;31:*.xz=01;31:*.zst=01;31:*.tzst=01;31:*.bz2=01;31:*.bz=01;31:*.tbz=01;31:*.tbz2=01;31:*.tz=01;31:*.deb=01;31:*.rpm=01;31:*.jar=01;31:*.war=01;31:*.ear=01;31:*.sar=01;31:*.rar=01;31:*.alz=01;31:*.ace=01;31:*.zoo=01;31:*.cpio=01;31:*.7z=01;31:*.rz=01;31:*.cab=01;31:*.wim=01;31:*.swm=01;31:*.dwm=01;31:*.esd=01;31:*.avif=01;35:*.jpg=01;35:*.jpeg=01;35:*.mjpg=01;35:*.mjpeg=01;35:*.gif=01;35:*.bmp=01;35:*.pbm=01;35:*.pgm=01;35:*.ppm=01;35:*.tga=01;35:*.xbm=01;35:*.xpm=01;35:*.tif=01;35:*.tiff=01;35:*.png=01;35:*.svg=01;35:*.svgz=01;35:*.mng=01;35:*.pcx=01;35:*.mov=01;35:*.mpg=01;35:*.mpeg=01;35:*.m2v=01;35:*.mkv=01;35:*.webm=01;35:*.webp=01;35:*.ogm=01;35:*.mp4=01;35:*.m4v=01;35:*.mp4v=01;35:*.vob=01;35:*.qt=01;35:*.nuv=01;35:*.wmv=01;35:*.asf=01;35:*.rm=01;35:*.rmvb=01;35:*.flc=01;35:*.avi=01;35:*.fli=01;35:*.flv=01;35:*.gl=01;35:*.dl=01;35:*.xcf=01;35:*.xwd=01;35:*.yuv=01;35:*.cgm=01;35:*.emf=01;35:*.ogv=01;35:*.ogx=01;35:*.aac=00;36:*.au=00;36:*.flac=00;36:*.m4a=00;36:*.mid=00;36:*.midi=00;36:*.mka=00;36:*.mp3=00;36:*.mpc=00;36:*.ogg=00;36:*.ra=00;36:*.wav=00;36:*.oga=00;36:*.opus=00;36:*.spx=00;36:*.xspf=00;36:*~=00;90:*#=00;90:*.bak=00;90:*.crdownload=00;90:*.dpkg-dist=00;90:*.dpkg-new=00;90:*.dpkg-old=00;90:*.dpkg-tmp=00;90:*.old=00;90:*.orig=00;90:*.part=00;90:*.rej=00;90:*.rpmnew=00;90:*.rpmorig=00;90:*.rpmsave=00;90:*.swp=00;90:*.tmp=00;90:*.ucf-dist=00;90:*.ucf-new=00;90:*.ucf-old=00;90:', 'GNOME_TERMINAL_SERVICE': ':1.171', 'SSH_AUTH_SOCK': '/run/user/1000/keyring/ssh', 'AMENT_PREFIX_PATH': '/opt/ros/jazzy', 'CONDA_PYTHON_EXE': '/home/niles/miniforge3/bin/python', 'SHELL': '/bin/bash', 'QT_ACCESSIBILITY': '1', 'GDMSESSION': 'ubuntu', 'LESSCLOSE': '/usr/bin/lesspipe %s %s', 'CONDA_DEFAULT_ENV': 'rss', 'ROS_AUTOMATIC_DISCOVERY_RANGE': 'SUBNET', 'QT_IM_MODULE': 'ibus', 'PWD': '/home/niles/ros2_ws/build/speed_pub', 'XDG_CONFIG_DIRS': '/etc/xdg/xdg-ubuntu:/etc/xdg', 'CONDA_EXE': '/home/niles/miniforge3/bin/conda', 'DBUS_STARTER_ADDRESS': 'unix:path=/run/user/1000/bus,guid=b8acfb8e53606b15a7d07ea267c6c638', 'XDG_DATA_DIRS': '/usr/share/ubuntu:/usr/share/gnome:/usr/local/share/:/usr/share/:/var/lib/snapd/desktop', 'PYTHONPATH': '/opt/ros/jazzy/lib/python3.12/site-packages', 'CONDA_PREFIX': '/home/niles/miniforge3/envs/rss', 'COLCON': '1', 'MEMORY_PRESSURE_WRITE': 'c29tZSAyMDAwMDAgMjAwMDAwMAA=', 'VTE_VERSION': '7600', 'CMAKE_PREFIX_PATH': '/opt/ros/jazzy/opt/gz_math_vendor:/opt/ros/jazzy/opt/gz_utils_vendor:/opt/ros/jazzy/opt/gz_cmake_vendor:/opt/ros/jazzy'}), 'shell': False}
[0.099713] (-) TimerEvent: {}
[0.118088] (speed_pub) StdoutLine: {'line': b'[ 50%] \x1b[32mBuilding CXX object CMakeFiles/speed_pub_node.dir/src/speed_pub_node.cpp.o\x1b[0m\n'}
[0.199894] (-) TimerEvent: {}
[0.300441] (-) TimerEvent: {}
[0.400944] (-) TimerEvent: {}
[0.501544] (-) TimerEvent: {}
[0.602024] (-) TimerEvent: {}
[0.702680] (-) TimerEvent: {}
[0.803149] (-) TimerEvent: {}
[0.903643] (-) TimerEvent: {}
[1.004156] (-) TimerEvent: {}
[1.104620] (-) TimerEvent: {}
[1.205087] (-) TimerEvent: {}
[1.305598] (-) TimerEvent: {}
[1.406053] (-) TimerEvent: {}
[1.506575] (-) TimerEvent: {}
[1.607051] (-) TimerEvent: {}
[1.707534] (-) TimerEvent: {}
[1.807981] (-) TimerEvent: {}
[1.908487] (-) TimerEvent: {}
[2.008940] (-) TimerEvent: {}
[2.109357] (-) TimerEvent: {}
[2.209814] (-) TimerEvent: {}
[2.310279] (-) TimerEvent: {}
[2.410725] (-) TimerEvent: {}
[2.511153] (-) TimerEvent: {}
[2.526222] (speed_pub) StderrLine: {'line': b'\x1b[01m\x1b[K/home/niles/ros2_ws/src/speed_pub/src/speed_pub_node.cpp:42:38:\x1b[m\x1b[K \x1b[01;31m\x1b[Kerror: \x1b[m\x1b[K\xe2\x80\x98\x1b[01m\x1b[KInt32MultiArray\x1b[m\x1b[K\xe2\x80\x99 is not a member of \xe2\x80\x98\x1b[01m\x1b[Kstd_msgs::msg\x1b[m\x1b[K\xe2\x80\x99; did you mean \xe2\x80\x98\x1b[01m\x1b[KFloat64MultiArray\x1b[m\x1b[K\xe2\x80\x99?\n'}
[2.526495] (speed_pub) StderrLine: {'line': b'   42 |     rclcpp::Publisher<std_msgs::msg::\x1b[01;31m\x1b[KInt32MultiArray\x1b[m\x1b[K>::SharedPtr target_speed_publisher_;\n'}
[2.526594] (speed_pub) StderrLine: {'line': b'      |                                      \x1b[01;31m\x1b[K^~~~~~~~~~~~~~~\x1b[m\x1b[K\n'}
[2.526674] (speed_pub) StderrLine: {'line': b'      |                                      \x1b[32m\x1b[KFloat64MultiArray\x1b[m\x1b[K\n'}
[2.526745] (speed_pub) StderrLine: {'line': b'\x1b[01m\x1b[K/home/niles/ros2_ws/src/speed_pub/src/speed_pub_node.cpp:42:53:\x1b[m\x1b[K \x1b[01;31m\x1b[Kerror: \x1b[m\x1b[Ktemplate argument 1 is invalid\n'}
[2.526820] (speed_pub) StderrLine: {'line': b'   42 |     rclcpp::Publisher<std_msgs::msg::Int32MultiArray\x1b[01;31m\x1b[K>\x1b[m\x1b[K::SharedPtr target_speed_publisher_;\n'}
[2.526890] (speed_pub) StderrLine: {'line': b'      |                                                     \x1b[01;31m\x1b[K^\x1b[m\x1b[K\n'}
[2.526966] (speed_pub) StderrLine: {'line': b'\x1b[01m\x1b[K/home/niles/ros2_ws/src/speed_pub/src/speed_pub_node.cpp:42:56:\x1b[m\x1b[K \x1b[01;31m\x1b[Kerror: \x1b[m\x1b[Kexpected \xe2\x80\x98\x1b[01m\x1b[K;\x1b[m\x1b[K\xe2\x80\x99 at end of member declaration\n'}
[2.527038] (speed_pub) StderrLine: {'line': b'   42 |     rclcpp::Publisher<std_msgs::msg::Int32MultiArray>::\x1b[01;31m\x1b[KSharedPtr\x1b[m\x1b[K target_speed_publisher_;\n'}
[2.527117] (speed_pub) StderrLine: {'line': b'      |                                                        \x1b[01;31m\x1b[K^~~~~~~~~\x1b[m\x1b[K\n'}
[2.527195] (speed_pub) StderrLine: {'line': b'      |                                                                 \x1b[32m\x1b[K;\x1b[m\x1b[K\n'}
[2.529232] (speed_pub) StderrLine: {'line': b'\x1b[01m\x1b[K/home/niles/ros2_ws/src/speed_pub/src/speed_pub_node.cpp:42:66:\x1b[m\x1b[K \x1b[01;31m\x1b[Kerror: \x1b[m\x1b[K\xe2\x80\x98\x1b[01m\x1b[Ktarget_speed_publisher_\x1b[m\x1b[K\xe2\x80\x99 does not name a type\n'}
[2.529395] (speed_pub) StderrLine: {'line': b'   42 | clcpp::Publisher<std_msgs::msg::Int32MultiArray>::SharedPtr \x1b[01;31m\x1b[Ktarget_speed_publisher_\x1b[m\x1b[K;\n'}
[2.529488] (speed_pub) StderrLine: {'line': b'      |                                                             \x1b[01;31m\x1b[K^~~~~~~~~~~~~~~~~~~~~~~\x1b[m\x1b[K\n'}
[2.529568] (speed_pub) StderrLine: {'line': b'\n'}
[2.552870] (speed_pub) StderrLine: {'line': b'\x1b[01m\x1b[K/home/niles/ros2_ws/src/speed_pub/src/speed_pub_node.cpp:\x1b[m\x1b[K In constructor \xe2\x80\x98\x1b[01m\x1b[KSpeedPubNode::\x1b[01;32m\x1b[KSpeedPubNode\x1b[m\x1b[K()\x1b[m\x1b[K\xe2\x80\x99:\n'}
[2.553046] (speed_pub) StderrLine: {'line': b'\x1b[01m\x1b[K/home/niles/ros2_ws/src/speed_pub/src/speed_pub_node.cpp:18:13:\x1b[m\x1b[K \x1b[01;31m\x1b[Kerror: \x1b[m\x1b[K\xe2\x80\x98\x1b[01m\x1b[Ktarget_speed_publisher_\x1b[m\x1b[K\xe2\x80\x99 was not declared in this scope\n'}
[2.553167] (speed_pub) StderrLine: {'line': b'   18 |             \x1b[01;31m\x1b[Ktarget_speed_publisher_\x1b[m\x1b[K = this->create_publisher<std_msgs::msg::Float64MultiArray>("target_speed", 10);\n'}
[2.553252] (speed_pub) StderrLine: {'line': b'      |             \x1b[01;31m\x1b[K^~~~~~~~~~~~~~~~~~~~~~~\x1b[m\x1b[K\n'}
[2.567941] (speed_pub) StderrLine: {'line': b'\x1b[01m\x1b[K/home/niles/ros2_ws/src/speed_pub/src/speed_pub_node.cpp:\x1b[m\x1b[K In member function \xe2\x80\x98\x1b[01m\x1b[Kvoid SpeedPubNode::\x1b[01;32m\x1b[Kset_target_speed\x1b[m\x1b[K(geometry_msgs::msg::Twist_<std::allocator<void> >::SharedPtr)\x1b[m\x1b[K\xe2\x80\x99:\n'}
[2.568132] (speed_pub) StderrLine: {'line': b'\x1b[01m\x1b[K/home/niles/ros2_ws/src/speed_pub/src/speed_pub_node.cpp:30:38:\x1b[m\x1b[K \x1b[01;31m\x1b[Kerror: \x1b[m\x1b[K\xe2\x80\x98\x1b[01m\x1b[Kwheel_base_\x1b[m\x1b[K\xe2\x80\x99 was not declared in this scope; did you mean \xe2\x80\x98\x1b[01m\x1b[Kwheel_base\x1b[m\x1b[K\xe2\x80\x99?\n'}
[2.568237] (speed_pub) StderrLine: {'line': b'   30 |         left_speed = msg->linear.x + \x1b[01;31m\x1b[Kwheel_base_\x1b[m\x1b[K*msg->angular.z;\n'}
[2.568318] (speed_pub) StderrLine: {'line': b'      |                                      \x1b[01;31m\x1b[K^~~~~~~~~~~\x1b[m\x1b[K\n'}
[2.568392] (speed_pub) StderrLine: {'line': b'      |                                      \x1b[32m\x1b[Kwheel_base\x1b[m\x1b[K\n'}
[2.572490] (speed_pub) StderrLine: {'line': b'In file included from \x1b[01m\x1b[K/opt/ros/jazzy/include/rclcpp/rclcpp/logging.hpp:24\x1b[m\x1b[K,\n'}
[2.572652] (speed_pub) StderrLine: {'line': b'                 from \x1b[01m\x1b[K/opt/ros/jazzy/include/rclcpp/rclcpp/copy_all_parameter_values.hpp:27\x1b[m\x1b[K,\n'}
[2.572747] (speed_pub) StderrLine: {'line': b'                 from \x1b[01m\x1b[K/opt/ros/jazzy/include/rclcpp/rclcpp/rclcpp.hpp:171\x1b[m\x1b[K,\n'}
[2.572823] (speed_pub) StderrLine: {'line': b'                 from \x1b[01m\x1b[K/home/niles/ros2_ws/src/speed_pub/src/speed_pub_node.cpp:6\x1b[m\x1b[K:\n'}
[2.572908] (speed_pub) StderrLine: {'line': b'\x1b[01m\x1b[K/home/niles/ros2_ws/src/speed_pub/src/speed_pub_node.cpp:\x1b[m\x1b[K In member function \xe2\x80\x98\x1b[01m\x1b[Kvoid SpeedPubNode::\x1b[01;32m\x1b[Ktimer_callback\x1b[m\x1b[K()\x1b[m\x1b[K\xe2\x80\x99:\n'}
[2.572981] (speed_pub) StderrLine: {'line': b'\x1b[01m\x1b[K/home/niles/ros2_ws/src/speed_pub/src/speed_pub_node.cpp:39:67:\x1b[m\x1b[K \x1b[01;31m\x1b[Kerror: \x1b[m\x1b[K\xe2\x80\x98\x1b[01m\x1b[Kmessage\x1b[m\x1b[K\xe2\x80\x99 was not declared in this scope\n'}
[2.573058] (speed_pub) StderrLine: {'line': b'   39 |   RCLCPP_INFO(this->get_logger(), "Publishing: \'%f\', \'%f\'", \x1b[01;31m\x1b[Kmessage\x1b[m\x1b[K.data[0], message.data[1]);\n'}
[2.573143] (speed_pub) StderrLine: {'line': b'      |                                                             \x1b[01;31m\x1b[K^~~~~~~\x1b[m\x1b[K\n'}
[2.573221] (speed_pub) StderrLine: {'line': b'\n'}
[2.579447] (speed_pub) StderrLine: {'line': b'\x1b[01m\x1b[K/home/niles/ros2_ws/src/speed_pub/src/speed_pub_node.cpp:40:9:\x1b[m\x1b[K \x1b[01;31m\x1b[Kerror: \x1b[m\x1b[K\xe2\x80\x98\x1b[01m\x1b[Ktarget_speed_publisher_\x1b[m\x1b[K\xe2\x80\x99 was not declared in this scope\n'}
[2.579611] (speed_pub) StderrLine: {'line': b'   40 |         \x1b[01;31m\x1b[Ktarget_speed_publisher_\x1b[m\x1b[K->publish(msg);\n'}
[2.579715] (speed_pub) StderrLine: {'line': b'      |         \x1b[01;31m\x1b[K^~~~~~~~~~~~~~~~~~~~~~~\x1b[m\x1b[K\n'}
[2.611216] (-) TimerEvent: {}
[2.711528] (-) TimerEvent: {}
[2.811866] (-) TimerEvent: {}
[2.912222] (-) TimerEvent: {}
[3.012530] (-) TimerEvent: {}
[3.112839] (-) TimerEvent: {}
[3.213170] (-) TimerEvent: {}
[3.313524] (-) TimerEvent: {}
[3.413860] (-) TimerEvent: {}
[3.514209] (-) TimerEvent: {}
[3.614559] (-) TimerEvent: {}
[3.714902] (-) TimerEvent: {}
[3.815274] (-) TimerEvent: {}
[3.915617] (-) TimerEvent: {}
[4.015919] (-) TimerEvent: {}
[4.116249] (-) TimerEvent: {}
[4.208409] (speed_pub) StderrLine: {'line': b'gmake[2]: *** [CMakeFiles/speed_pub_node.dir/build.make:76: CMakeFiles/speed_pub_node.dir/src/speed_pub_node.cpp.o] Error 1\n'}
[4.208783] (speed_pub) StderrLine: {'line': b'gmake[1]: *** [CMakeFiles/Makefile2:137: CMakeFiles/speed_pub_node.dir/all] Error 2\n'}
[4.209041] (speed_pub) StderrLine: {'line': b'gmake: *** [Makefile:146: all] Error 2\n'}
[4.211579] (speed_pub) CommandEnded: {'returncode': 2}
[4.216425] (-) TimerEvent: {}
[4.217468] (speed_pub) JobEnded: {'identifier': 'speed_pub', 'rc': 2}
[4.228382] (-) EventReactorShutdown: {}
