[ 50%] [32mBuilding CXX object CMakeFiles/speed_control_node.dir/src/speed_control_node.cpp.o[0m
[01m[K/home/niles/ros2_ws/src/roboteq_controller/src/speed_control_node.cpp:[m[K In constructor â€˜[01m[KSpeedControlNode::[01;32m[KSpeedControlNode[m[K()[m[Kâ€™:
[01m[K/home/niles/ros2_ws/src/roboteq_controller/src/speed_control_node.cpp:39:21:[m[K [01;35m[Kwarning: [m[Kâ€˜[01m[KSpeedControlNode::port_[m[Kâ€™ will be initialized after [[01;35m[K]8;;https://gcc.gnu.org/onlinedocs/gcc/Warning-Options.html#index-Wreorder-Wreorder]8;;[m[K]
   39 |         std::string [01;35m[Kport_[m[K;
      |                     [01;35m[K^~~~~[m[K
[01m[K/home/niles/ros2_ws/src/roboteq_controller/src/speed_control_node.cpp:38:13:[m[K [01;35m[Kwarning: [m[K  â€˜[01m[Kint SpeedControlNode::baudrate_[m[Kâ€™ [[01;35m[K]8;;https://gcc.gnu.org/onlinedocs/gcc/Warning-Options.html#index-Wreorder-Wreorder]8;;[m[K]
   38 |         int [01;35m[Kbaudrate_[m[K;
      |             [01;35m[K^~~~~~~~~[m[K
[01m[K/home/niles/ros2_ws/src/roboteq_controller/src/speed_control_node.cpp:14:9:[m[K [01;35m[Kwarning: [m[K  when initialized here [[01;35m[K]8;;https://gcc.gnu.org/onlinedocs/gcc/Warning-Options.html#index-Wreorder-Wreorder]8;;[m[K]
   14 |         [01;35m[KSpeedControlNode[m[K() : Node("speed_control_node"), port_("/dev/ttyACM0"), baudrate_(115200), motor_channel_(1)
      |         [01;35m[K^~~~~~~~~~~~~~~~[m[K
[01m[K/home/niles/ros2_ws/src/roboteq_controller/src/speed_control_node.cpp:38:13:[m[K [01;35m[Kwarning: [m[Kâ€˜[01m[KSpeedControlNode::baudrate_[m[Kâ€™ will be initialized after [[01;35m[K]8;;https://gcc.gnu.org/onlinedocs/gcc/Warning-Options.html#index-Wreorder-Wreorder]8;;[m[K]
   38 |         int [01;35m[Kbaudrate_[m[K;
      |             [01;35m[K^~~~~~~~~[m[K
[01m[K/home/niles/ros2_ws/src/roboteq_controller/src/speed_control_node.cpp:37:13:[m[K [01;35m[Kwarning: [m[K  â€˜[01m[Kint SpeedControlNode::motor_channel_[m[Kâ€™ [[01;35m[K]8;;https://gcc.gnu.org/onlinedocs/gcc/Warning-Options.html#index-Wreorder-Wreorder]8;;[m[K]
   37 |         int [01;35m[Kmotor_channel_[m[K;
      |             [01;35m[K^~~~~~~~~~~~~~[m[K
[01m[K/home/niles/ros2_ws/src/roboteq_controller/src/speed_control_node.cpp:14:9:[m[K [01;35m[Kwarning: [m[K  when initialized here [[01;35m[K]8;;https://gcc.gnu.org/onlinedocs/gcc/Warning-Options.html#index-Wreorder-Wreorder]8;;[m[K]
   14 |         [01;35m[KSpeedControlNode[m[K() : Node("speed_control_node"), port_("/dev/ttyACM0"), baudrate_(115200), motor_channel_(1)
      |         [01;35m[K^~~~~~~~~~~~~~~~[m[K
[01m[K/home/niles/ros2_ws/src/roboteq_controller/src/speed_control_node.cpp:30:53:[m[K [01;31m[Kerror: [m[Kinvalid use of non-static member function â€˜[01m[Kvoid SpeedControlNode::[01;32m[Kget_speed[m[K()[m[Kâ€™
   30 |             timer_ = this->create_wall_timer(500ms, [01;31m[Kget_speed[m[K);
      |                                                     [01;31m[K^~~~~~~~~[m[K
[01m[K/home/niles/ros2_ws/src/roboteq_controller/src/speed_control_node.cpp:116:14:[m[K [01;36m[Knote: [m[Kdeclared here
  116 |         void [01;36m[Kget_speed[m[K()
      |              [01;36m[K^~~~~~~~~[m[K
gmake[2]: *** [CMakeFiles/speed_control_node.dir/build.make:76: CMakeFiles/speed_control_node.dir/src/speed_control_node.cpp.o] Error 1
gmake[1]: *** [CMakeFiles/Makefile2:137: CMakeFiles/speed_control_node.dir/all] Error 2
gmake: *** [Makefile:146: all] Error 2
