[0.012s] Invoking command in '/home/niles/ros2_ws/build/roboteq_controller': CMAKE_PREFIX_PATH=/opt/ros/jazzy:/home/niles/ros2_ws/install/serial:${CMAKE_PREFIX_PATH} CONDA_PROMPT_MODIFIER=(rss) DEBUGINFOD_URLS=https://debuginfod.ubuntu.com PKG_CONFIG_PATH=/home/niles/ros2_ws/install/serial/lib/x86_64-linux-gnu/pkgconfig:/home/niles/ros2_ws/install/serial/lib/pkgconfig ROS_PACKAGE_PATH=/home/niles/ros2_ws/install/serial/share /usr/bin/cmake --build /home/niles/ros2_ws/build/roboteq_controller -- -j16 -l16
[0.070s] [ 50%] [32mBuilding CXX object CMakeFiles/speed_control_node.dir/src/speed_control_node.cpp.o[0m
[1.501s] [01m[K/home/niles/ros2_ws/src/roboteq_controller/src/speed_control_node.cpp:[m[K In constructor â€˜[01m[KSpeedControlNode::[01;32m[KSpeedControlNode[m[K()[m[Kâ€™:
[1.501s] [01m[K/home/niles/ros2_ws/src/roboteq_controller/src/speed_control_node.cpp:49:21:[m[K [01;35m[Kwarning: [m[Kâ€˜[01m[KSpeedControlNode::port_[m[Kâ€™ will be initialized after [[01;35m[K]8;;https://gcc.gnu.org/onlinedocs/gcc/Warning-Options.html#index-Wreorder-Wreorder]8;;[m[K]
[1.501s]    49 |         std::string [01;35m[Kport_[m[K;
[1.501s]       |                     [01;35m[K^~~~~[m[K
[1.501s] [01m[K/home/niles/ros2_ws/src/roboteq_controller/src/speed_control_node.cpp:48:13:[m[K [01;35m[Kwarning: [m[K  â€˜[01m[Kint SpeedControlNode::baudrate_[m[Kâ€™ [[01;35m[K]8;;https://gcc.gnu.org/onlinedocs/gcc/Warning-Options.html#index-Wreorder-Wreorder]8;;[m[K]
[1.501s]    48 |         int [01;35m[Kbaudrate_[m[K;
[1.501s]       |             [01;35m[K^~~~~~~~~[m[K
[1.501s] [01m[K/home/niles/ros2_ws/src/roboteq_controller/src/speed_control_node.cpp:16:9:[m[K [01;35m[Kwarning: [m[K  when initialized here [[01;35m[K]8;;https://gcc.gnu.org/onlinedocs/gcc/Warning-Options.html#index-Wreorder-Wreorder]8;;[m[K]
[1.501s]    16 |         [01;35m[KSpeedControlNode[m[K() : Node("speed_control_node"), port_("/dev/ttyACM0"), baudrate_(115200), motor_1_channel_(1), motor_2_channel_(2)
[1.501s]       |         [01;35m[K^~~~~~~~~~~~~~~~[m[K
[1.501s] [01m[K/home/niles/ros2_ws/src/roboteq_controller/src/speed_control_node.cpp:48:13:[m[K [01;35m[Kwarning: [m[Kâ€˜[01m[KSpeedControlNode::baudrate_[m[Kâ€™ will be initialized after [[01;35m[K]8;;https://gcc.gnu.org/onlinedocs/gcc/Warning-Options.html#index-Wreorder-Wreorder]8;;[m[K]
[1.501s]    48 |         int [01;35m[Kbaudrate_[m[K;
[1.501s]       |             [01;35m[K^~~~~~~~~[m[K
[1.501s] [01m[K/home/niles/ros2_ws/src/roboteq_controller/src/speed_control_node.cpp:46:13:[m[K [01;35m[Kwarning: [m[K  â€˜[01m[Kint SpeedControlNode::motor_1_channel_[m[Kâ€™ [[01;35m[K]8;;https://gcc.gnu.org/onlinedocs/gcc/Warning-Options.html#index-Wreorder-Wreorder]8;;[m[K]
[1.502s]    46 |         int [01;35m[Kmotor_1_channel_[m[K;
[1.502s]       |             [01;35m[K^~~~~~~~~~~~~~~~[m[K
[1.502s] [01m[K/home/niles/ros2_ws/src/roboteq_controller/src/speed_control_node.cpp:16:9:[m[K [01;35m[Kwarning: [m[K  when initialized here [[01;35m[K]8;;https://gcc.gnu.org/onlinedocs/gcc/Warning-Options.html#index-Wreorder-Wreorder]8;;[m[K]
[1.502s]    16 |         [01;35m[KSpeedControlNode[m[K() : Node("speed_control_node"), port_("/dev/ttyACM0"), baudrate_(115200), motor_1_channel_(1), motor_2_channel_(2)
[1.502s]       |         [01;35m[K^~~~~~~~~~~~~~~~[m[K
[1.517s] [01m[K/home/niles/ros2_ws/src/roboteq_controller/src/speed_control_node.cpp:[m[K In member function â€˜[01m[Kvoid SpeedControlNode::[01;32m[Kset_speed[m[K(std_msgs::msg::Int32MultiArray_<std::allocator<void> >::SharedPtr)[m[Kâ€™:
[1.517s] [01m[K/home/niles/ros2_ws/src/roboteq_controller/src/speed_control_node.cpp:112:57:[m[K [01;31m[Kerror: [m[Kinvalid operands of types â€˜[01m[Kconst char*[m[Kâ€™ and â€˜[01m[Kconst char [2][m[Kâ€™ to binary â€˜[01m[Koperator+[m[Kâ€™
[1.517s]   112 |                 std::string speed_command_1 = [32m[K"!S " + 1[m[K [01;31m[K+[m[K [34m[K" "[m[K + std::to_string(target_speed) + "\r\n";
[1.517s]       |                                               [32m[K~~~~~~~~~[m[K [01;31m[K^[m[K [34m[K~~~[m[K
[1.517s]       |                                                     [32m[K|[m[K     [34m[K|[m[K
[1.517s]       |                                                     [32m[K|[m[K     [34m[Kconst char [2][m[K
[1.517s]       |                                                     [32m[Kconst char*[m[K
[1.522s] [01m[K/home/niles/ros2_ws/src/roboteq_controller/src/speed_control_node.cpp:112:80:[m[K [01;31m[Kerror: [m[Kâ€˜[01m[Ktarget_speed[m[Kâ€™ was not declared in this scope; did you mean â€˜[01m[Ktarget_speed_2[m[Kâ€™?
[1.523s]   112 | ::string speed_command_1 = "!S " + 1 + " " + std::to_string([01;31m[Ktarget_speed[m[K) + "\r\n";
[1.523s]       |                                                             [01;31m[K^~~~~~~~~~~~[m[K
[1.523s]       |                                                             [32m[Ktarget_speed_2[m[K
[1.523s] [01m[K/home/niles/ros2_ws/src/roboteq_controller/src/speed_control_node.cpp:113:57:[m[K [01;31m[Kerror: [m[Kinvalid operands of types â€˜[01m[Kconst char*[m[Kâ€™ and â€˜[01m[Kconst char [2][m[Kâ€™ to binary â€˜[01m[Koperator+[m[Kâ€™
[1.523s]   113 |                 std::string speed_command_2 = [32m[K"!S " + 1[m[K [01;31m[K+[m[K [34m[K" "[m[K + std::to_string(target_speed) + "\r\n";
[1.523s]       |                                               [32m[K~~~~~~~~~[m[K [01;31m[K^[m[K [34m[K~~~[m[K
[1.523s]       |                                                     [32m[K|[m[K     [34m[K|[m[K
[1.523s]       |                                                     [32m[K|[m[K     [34m[Kconst char [2][m[K
[1.523s]       |                                                     [32m[Kconst char*[m[K
[1.527s] [01m[K/home/niles/ros2_ws/src/roboteq_controller/src/speed_control_node.cpp:114:20:[m[K [01;31m[Kerror: [m[Kâ€˜[01m[Kis_connected[m[Kâ€™ was not declared in this scope; did you mean â€˜[01m[Kdisconnect[m[Kâ€™?
[1.527s]   114 |                 if([01;31m[Kis_connected[m[K())
[1.527s]       |                    [01;31m[K^~~~~~~~~~~~[m[K
[1.528s]       |                    [32m[Kdisconnect[m[K
[1.532s] [01m[K/home/niles/ros2_ws/src/roboteq_controller/src/speed_control_node.cpp:116:36:[m[K [01;31m[Kerror: [m[Kâ€˜[01m[Kspeed_command[m[Kâ€™ was not declared in this scope; did you mean â€˜[01m[Kspeed_command_2[m[Kâ€™?
[1.532s]   116 |                     serial_->write([01;31m[Kspeed_command[m[K);
[1.532s]       |                                    [01;31m[K^~~~~~~~~~~~~[m[K
[1.532s]       |                                    [32m[Kspeed_command_2[m[K
[1.532s] In file included from [01m[K/opt/ros/jazzy/include/rclcpp/rclcpp/logging.hpp:24[m[K,
[1.532s]                  from [01m[K/opt/ros/jazzy/include/rclcpp/rclcpp/copy_all_parameter_values.hpp:27[m[K,
[1.532s]                  from [01m[K/opt/ros/jazzy/include/rclcpp/rclcpp/rclcpp.hpp:171[m[K,
[1.532s]                  from [01m[K/home/niles/ros2_ws/src/roboteq_controller/src/speed_control_node.cpp:5[m[K:
[1.533s] [01m[K/home/niles/ros2_ws/src/roboteq_controller/src/speed_control_node.cpp:117:53:[m[K [01;35m[Kwarning: [m[Kformat â€˜[01m[K%d[m[Kâ€™ expects argument of type â€˜[01m[Kint[m[Kâ€™, but argument 5 has type â€˜[01m[Kstd_msgs::msg::Int32MultiArray_<std::allocator<void> >::_data_type[m[Kâ€™ {aka â€˜[01m[Kstd::vector<int>[m[Kâ€™} [[01;35m[K]8;;https://gcc.gnu.org/onlinedocs/gcc/Warning-Options.html#index-Wformat=-Wformat=]8;;[m[K]
[1.533s]   117 |                     RCLCPP_INFO(this->get_logger(), [01;35m[K"Speed set to: %d"[m[K, msg->data);
[1.533s]       |                                                     [01;35m[K^~~~~~~~~~~~~~~~~~[m[K
[1.533s] [01m[K/home/niles/ros2_ws/src/roboteq_controller/src/speed_control_node.cpp:117:69:[m[K [01;36m[Knote: [m[Kformat string is defined here
[1.533s]   117 |             RCLCPP_INFO(this->get_logger(), "Speed set to: [01;36m[K%d[m[K", msg->data);
[1.533s]       |                                                            [01;36m[K~^[m[K
[1.533s]       |                                                             [01;36m[K|[m[K
[1.533s]       |                                                             [01;36m[Kint[m[K
[1.533s] 
[1.533s] [01m[K/home/niles/ros2_ws/src/roboteq_controller/src/speed_control_node.cpp:110:21:[m[K [01;35m[Kwarning: [m[Kunused variable â€˜[01m[Ktarget_speed_1[m[Kâ€™ [[01;35m[K]8;;https://gcc.gnu.org/onlinedocs/gcc/Warning-Options.html#index-Wunused-variable-Wunused-variable]8;;[m[K]
[1.533s]   110 |                 int [01;35m[Ktarget_speed_1[m[K = msg->data[0];
[1.533s]       |                     [01;35m[K^~~~~~~~~~~~~~[m[K
[1.533s] [01m[K/home/niles/ros2_ws/src/roboteq_controller/src/speed_control_node.cpp:111:21:[m[K [01;35m[Kwarning: [m[Kunused variable â€˜[01m[Ktarget_speed_2[m[Kâ€™ [[01;35m[K]8;;https://gcc.gnu.org/onlinedocs/gcc/Warning-Options.html#index-Wunused-variable-Wunused-variable]8;;[m[K]
[1.533s]   111 |                 int [01;35m[Ktarget_speed_2[m[K = msg->data[1];
[1.533s]       |                     [01;35m[K^~~~~~~~~~~~~~[m[K
[3.114s] gmake[2]: *** [CMakeFiles/speed_control_node.dir/build.make:76: CMakeFiles/speed_control_node.dir/src/speed_control_node.cpp.o] Error 1
[3.114s] gmake[1]: *** [CMakeFiles/Makefile2:137: CMakeFiles/speed_control_node.dir/all] Error 2
[3.115s] gmake: *** [Makefile:146: all] Error 2
[3.118s] Invoked command in '/home/niles/ros2_ws/build/roboteq_controller' returned '2': CMAKE_PREFIX_PATH=/opt/ros/jazzy:/home/niles/ros2_ws/install/serial:${CMAKE_PREFIX_PATH} CONDA_PROMPT_MODIFIER=(rss) DEBUGINFOD_URLS=https://debuginfod.ubuntu.com PKG_CONFIG_PATH=/home/niles/ros2_ws/install/serial/lib/x86_64-linux-gnu/pkgconfig:/home/niles/ros2_ws/install/serial/lib/pkgconfig ROS_PACKAGE_PATH=/home/niles/ros2_ws/install/serial/share /usr/bin/cmake --build /home/niles/ros2_ws/build/roboteq_controller -- -j16 -l16
