[0.015s] Invoking command in '/home/niles/ros2_ws/build/speed_pub': CMAKE_PREFIX_PATH=${CMAKE_PREFIX_PATH}:/opt/ros/jazzy CONDA_PROMPT_MODIFIER=(rss) DEBUGINFOD_URLS=https://debuginfod.ubuntu.com /usr/bin/cmake --build /home/niles/ros2_ws/build/speed_pub -- -j16 -l16
[0.108s] [ 50%] [32mBuilding CXX object CMakeFiles/speed_pub_node.dir/src/speed_pub_node.cpp.o[0m
[2.977s] [01m[K/home/niles/ros2_ws/src/speed_pub/src/speed_pub_node.cpp:41:38:[m[K [01;31m[Kerror: [m[Kâ€˜[01m[KInt32MultiArray[m[Kâ€™ is not a member of â€˜[01m[Kstd_msgs::msg[m[Kâ€™; did you mean â€˜[01m[KFloat64MultiArray[m[Kâ€™?
[2.977s]    41 |     rclcpp::Publisher<std_msgs::msg::[01;31m[KInt32MultiArray[m[K>::SharedPtr publisher_;
[2.977s]       |                                      [01;31m[K^~~~~~~~~~~~~~~[m[K
[2.977s]       |                                      [32m[KFloat64MultiArray[m[K
[2.977s] [01m[K/home/niles/ros2_ws/src/speed_pub/src/speed_pub_node.cpp:41:53:[m[K [01;31m[Kerror: [m[Ktemplate argument 1 is invalid
[2.977s]    41 |     rclcpp::Publisher<std_msgs::msg::Int32MultiArray[01;31m[K>[m[K::SharedPtr publisher_;
[2.977s]       |                                                     [01;31m[K^[m[K
[2.977s] [01m[K/home/niles/ros2_ws/src/speed_pub/src/speed_pub_node.cpp:41:56:[m[K [01;31m[Kerror: [m[Kexpected â€˜[01m[K;[m[Kâ€™ at end of member declaration
[2.977s]    41 |     rclcpp::Publisher<std_msgs::msg::Int32MultiArray>::[01;31m[KSharedPtr[m[K publisher_;
[2.978s]       |                                                        [01;31m[K^~~~~~~~~[m[K
[2.978s]       |                                                                 [32m[K;[m[K
[2.978s] [01m[K/home/niles/ros2_ws/src/speed_pub/src/speed_pub_node.cpp:41:66:[m[K [01;31m[Kerror: [m[Kâ€˜[01m[Kpublisher_[m[Kâ€™ does not name a type; did you mean â€˜[01m[Krmw_publisher_t[m[Kâ€™?
[2.979s]    41 | clcpp::Publisher<std_msgs::msg::Int32MultiArray>::SharedPtr [01;31m[Kpublisher_[m[K;
[2.979s]       |                                                             [01;31m[K^~~~~~~~~~[m[K
[2.979s]       |                                                             [32m[Krmw_publisher_t[m[K
[2.988s] [01m[K/home/niles/ros2_ws/src/speed_pub/src/speed_pub_node.cpp:[m[K In constructor â€˜[01m[KSpeedPubNode::[01;32m[KSpeedPubNode[m[K()[m[Kâ€™:
[2.988s] [01m[K/home/niles/ros2_ws/src/speed_pub/src/speed_pub_node.cpp:18:13:[m[K [01;31m[Kerror: [m[Kâ€˜[01m[Ktarget_speed_publisher_[m[Kâ€™ was not declared in this scope
[2.988s]    18 |             [01;31m[Ktarget_speed_publisher_[m[K = this->create_publisher<std_msgs::msg::Float64MultiArray>("target_speed", 10);
[2.988s]       |             [01;31m[K^~~~~~~~~~~~~~~~~~~~~~~[m[K
[2.995s] [01m[K/home/niles/ros2_ws/src/speed_pub/src/speed_pub_node.cpp:19:13:[m[K [01;31m[Kerror: [m[Kâ€˜[01m[Ksubscriber_[m[Kâ€™ was not declared in this scope
[2.995s]    19 |             [01;31m[Ksubscriber_[m[K = this->create_subscription<geometry_msgs::msg::Twist>("rc_input", 10, std::bind(&SpeedPubNode::set_target_speed, this, std::placeholders::_1));
[2.995s]       |             [01;31m[K^~~~~~~~~~~[m[K
[3.029s] [01m[K/home/niles/ros2_ws/src/speed_pub/src/speed_pub_node.cpp:[m[K In member function â€˜[01m[Kvoid SpeedPubNode::[01;32m[Kset_target_speed[m[K(geometry_msgs::msg::Twist_<std::allocator<void> >::SharedPtr)[m[Kâ€™:
[3.029s] [01m[K/home/niles/ros2_ws/src/speed_pub/src/speed_pub_node.cpp:29:38:[m[K [01;31m[Kerror: [m[Kâ€˜[01m[Kwheel_base_[m[Kâ€™ was not declared in this scope
[3.029s]    29 |         left_speed = msg->linear.x + [01;31m[Kwheel_base_[m[K*msg->angular.z;
[3.029s]       |                                      [01;31m[K^~~~~~~~~~~[m[K
[3.034s] In file included from [01m[K/opt/ros/jazzy/include/rclcpp/rclcpp/logging.hpp:24[m[K,
[3.035s]                  from [01m[K/opt/ros/jazzy/include/rclcpp/rclcpp/copy_all_parameter_values.hpp:27[m[K,
[3.035s]                  from [01m[K/opt/ros/jazzy/include/rclcpp/rclcpp/rclcpp.hpp:171[m[K,
[3.035s]                  from [01m[K/home/niles/ros2_ws/src/speed_pub/src/speed_pub_node.cpp:6[m[K:
[3.035s] [01m[K/home/niles/ros2_ws/src/speed_pub/src/speed_pub_node.cpp:[m[K In member function â€˜[01m[Kvoid SpeedPubNode::[01;32m[Ktimer_callback[m[K()[m[Kâ€™:
[3.035s] [01m[K/home/niles/ros2_ws/src/speed_pub/src/speed_pub_node.cpp:38:67:[m[K [01;31m[Kerror: [m[Kâ€˜[01m[Kmessage[m[Kâ€™ was not declared in this scope
[3.035s]    38 |   RCLCPP_INFO(this->get_logger(), "Publishing: '%f', '%f'", [01;31m[Kmessage[m[K.data[0], message.data[1]);
[3.035s]       |                                                             [01;31m[K^~~~~~~[m[K
[3.035s] 
[3.042s] [01m[K/home/niles/ros2_ws/src/speed_pub/src/speed_pub_node.cpp:39:9:[m[K [01;31m[Kerror: [m[Kâ€˜[01m[Ktarget_speed_publisher_[m[Kâ€™ was not declared in this scope
[3.042s]    39 |         [01;31m[Ktarget_speed_publisher_[m[K->publish(msg);
[3.042s]       |         [01;31m[K^~~~~~~~~~~~~~~~~~~~~~~[m[K
[4.679s] gmake[2]: *** [CMakeFiles/speed_pub_node.dir/build.make:76: CMakeFiles/speed_pub_node.dir/src/speed_pub_node.cpp.o] Error 1
[4.680s] gmake[1]: *** [CMakeFiles/Makefile2:137: CMakeFiles/speed_pub_node.dir/all] Error 2
[4.680s] gmake: *** [Makefile:146: all] Error 2
[4.682s] Invoked command in '/home/niles/ros2_ws/build/speed_pub' returned '2': CMAKE_PREFIX_PATH=${CMAKE_PREFIX_PATH}:/opt/ros/jazzy CONDA_PROMPT_MODIFIER=(rss) DEBUGINFOD_URLS=https://debuginfod.ubuntu.com /usr/bin/cmake --build /home/niles/ros2_ws/build/speed_pub -- -j16 -l16
