[01m[K/home/niles/ros2_ws/src/roboteq_controller/src/speed_control_node.cpp:[m[K In constructor â€˜[01m[KSpeedControlNode::[01;32m[KSpeedControlNode[m[K()[m[Kâ€™:
[01m[K/home/niles/ros2_ws/src/roboteq_controller/src/speed_control_node.cpp:41:21:[m[K [01;35m[Kwarning: [m[Kâ€˜[01m[KSpeedControlNode::port_[m[Kâ€™ will be initialized after [[01;35m[K]8;;https://gcc.gnu.org/onlinedocs/gcc/Warning-Options.html#index-Wreorder-Wreorder]8;;[m[K]
   41 |         std::string [01;35m[Kport_[m[K;
      |                     [01;35m[K^~~~~[m[K
[01m[K/home/niles/ros2_ws/src/roboteq_controller/src/speed_control_node.cpp:40:13:[m[K [01;35m[Kwarning: [m[K  â€˜[01m[Kint SpeedControlNode::baudrate_[m[Kâ€™ [[01;35m[K]8;;https://gcc.gnu.org/onlinedocs/gcc/Warning-Options.html#index-Wreorder-Wreorder]8;;[m[K]
   40 |         int [01;35m[Kbaudrate_[m[K;
      |             [01;35m[K^~~~~~~~~[m[K
[01m[K/home/niles/ros2_ws/src/roboteq_controller/src/speed_control_node.cpp:14:9:[m[K [01;35m[Kwarning: [m[K  when initialized here [[01;35m[K]8;;https://gcc.gnu.org/onlinedocs/gcc/Warning-Options.html#index-Wreorder-Wreorder]8;;[m[K]
   14 |         [01;35m[KSpeedControlNode[m[K() : Node("speed_control_node"), port_("/dev/ttyACM0"), baudrate_(115200), motor_1_channel_(1), motor_2_channel_(2)
      |         [01;35m[K^~~~~~~~~~~~~~~~[m[K
[01m[K/home/niles/ros2_ws/src/roboteq_controller/src/speed_control_node.cpp:40:13:[m[K [01;35m[Kwarning: [m[Kâ€˜[01m[KSpeedControlNode::baudrate_[m[Kâ€™ will be initialized after [[01;35m[K]8;;https://gcc.gnu.org/onlinedocs/gcc/Warning-Options.html#index-Wreorder-Wreorder]8;;[m[K]
   40 |         int [01;35m[Kbaudrate_[m[K;
      |             [01;35m[K^~~~~~~~~[m[K
[01m[K/home/niles/ros2_ws/src/roboteq_controller/src/speed_control_node.cpp:38:13:[m[K [01;35m[Kwarning: [m[K  â€˜[01m[Kint SpeedControlNode::motor_1_channel_[m[Kâ€™ [[01;35m[K]8;;https://gcc.gnu.org/onlinedocs/gcc/Warning-Options.html#index-Wreorder-Wreorder]8;;[m[K]
   38 |         int [01;35m[Kmotor_1_channel_[m[K;
      |             [01;35m[K^~~~~~~~~~~~~~~~[m[K
[01m[K/home/niles/ros2_ws/src/roboteq_controller/src/speed_control_node.cpp:14:9:[m[K [01;35m[Kwarning: [m[K  when initialized here [[01;35m[K]8;;https://gcc.gnu.org/onlinedocs/gcc/Warning-Options.html#index-Wreorder-Wreorder]8;;[m[K]
   14 |         [01;35m[KSpeedControlNode[m[K() : Node("speed_control_node"), port_("/dev/ttyACM0"), baudrate_(115200), motor_1_channel_(1), motor_2_channel_(2)
      |         [01;35m[K^~~~~~~~~~~~~~~~[m[K
[01m[K/home/niles/ros2_ws/src/roboteq_controller/src/speed_control_node.cpp:[m[K In member function â€˜[01m[KSpeedControlNode::Speed SpeedControlNode::[01;32m[Kparse_string[m[K(std::string)[m[Kâ€™:
[01m[K/home/niles/ros2_ws/src/roboteq_controller/src/speed_control_node.cpp:172:32:[m[K [01;31m[Kerror: [m[Kâ€˜[01m[Kprefix_length[m[Kâ€™ was not declared in this scope; did you mean â€˜[01m[Kprefix_length_[m[Kâ€™?
  172 |             token = str.substr([01;31m[Kprefix_length[m[K, str.find(delimiter));
      |                                [01;31m[K^~~~~~~~~~~~~[m[K
      |                                [32m[Kprefix_length_[m[K
[01m[K/home/niles/ros2_ws/src/roboteq_controller/src/speed_control_node.cpp:172:56:[m[K [01;31m[Kerror: [m[Kâ€˜[01m[Kdelimiter[m[Kâ€™ was not declared in this scope; did you mean â€˜[01m[Kdelimiter_[m[Kâ€™?
  172 |             token = str.substr(prefix_length, str.find([01;31m[Kdelimiter[m[K));
      |                                                        [01;31m[K^~~~~~~~~[m[K
      |                                                        [32m[Kdelimiter_[m[K
gmake[2]: *** [CMakeFiles/speed_control_node.dir/build.make:76: CMakeFiles/speed_control_node.dir/src/speed_control_node.cpp.o] Error 1
gmake[1]: *** [CMakeFiles/Makefile2:137: CMakeFiles/speed_control_node.dir/all] Error 2
gmake: *** [Makefile:146: all] Error 2
