[0.012s] Invoking command in '/home/niles/ros2_ws/build/roboteq_controller': CMAKE_PREFIX_PATH=/opt/ros/jazzy:/home/niles/ros2_ws/install/serial:${CMAKE_PREFIX_PATH} CONDA_PROMPT_MODIFIER=(rss) DEBUGINFOD_URLS=https://debuginfod.ubuntu.com PKG_CONFIG_PATH=/home/niles/ros2_ws/install/serial/lib/x86_64-linux-gnu/pkgconfig:/home/niles/ros2_ws/install/serial/lib/pkgconfig ROS_PACKAGE_PATH=/home/niles/ros2_ws/install/serial/share /usr/bin/cmake --build /home/niles/ros2_ws/build/roboteq_controller -- -j16 -l16
[0.074s] [ 50%] [32mBuilding CXX object CMakeFiles/speed_control_node.dir/src/speed_control_node.cpp.o[0m
[1.514s] [01m[K/home/niles/ros2_ws/src/roboteq_controller/src/speed_control_node.cpp:[m[K In constructor â€˜[01m[KSpeedControlNode::[01;32m[KSpeedControlNode[m[K()[m[Kâ€™:
[1.514s] [01m[K/home/niles/ros2_ws/src/roboteq_controller/src/speed_control_node.cpp:41:21:[m[K [01;35m[Kwarning: [m[Kâ€˜[01m[KSpeedControlNode::port_[m[Kâ€™ will be initialized after [[01;35m[K]8;;https://gcc.gnu.org/onlinedocs/gcc/Warning-Options.html#index-Wreorder-Wreorder]8;;[m[K]
[1.514s]    41 |         std::string [01;35m[Kport_[m[K;
[1.514s]       |                     [01;35m[K^~~~~[m[K
[1.514s] [01m[K/home/niles/ros2_ws/src/roboteq_controller/src/speed_control_node.cpp:40:13:[m[K [01;35m[Kwarning: [m[K  â€˜[01m[Kint SpeedControlNode::baudrate_[m[Kâ€™ [[01;35m[K]8;;https://gcc.gnu.org/onlinedocs/gcc/Warning-Options.html#index-Wreorder-Wreorder]8;;[m[K]
[1.514s]    40 |         int [01;35m[Kbaudrate_[m[K;
[1.514s]       |             [01;35m[K^~~~~~~~~[m[K
[1.514s] [01m[K/home/niles/ros2_ws/src/roboteq_controller/src/speed_control_node.cpp:14:9:[m[K [01;35m[Kwarning: [m[K  when initialized here [[01;35m[K]8;;https://gcc.gnu.org/onlinedocs/gcc/Warning-Options.html#index-Wreorder-Wreorder]8;;[m[K]
[1.514s]    14 |         [01;35m[KSpeedControlNode[m[K() : Node("speed_control_node"), port_("/dev/ttyACM0"), baudrate_(115200), motor_1_channel_(1), motor_2_channel_(2)
[1.514s]       |         [01;35m[K^~~~~~~~~~~~~~~~[m[K
[1.515s] [01m[K/home/niles/ros2_ws/src/roboteq_controller/src/speed_control_node.cpp:40:13:[m[K [01;35m[Kwarning: [m[Kâ€˜[01m[KSpeedControlNode::baudrate_[m[Kâ€™ will be initialized after [[01;35m[K]8;;https://gcc.gnu.org/onlinedocs/gcc/Warning-Options.html#index-Wreorder-Wreorder]8;;[m[K]
[1.515s]    40 |         int [01;35m[Kbaudrate_[m[K;
[1.515s]       |             [01;35m[K^~~~~~~~~[m[K
[1.515s] [01m[K/home/niles/ros2_ws/src/roboteq_controller/src/speed_control_node.cpp:38:13:[m[K [01;35m[Kwarning: [m[K  â€˜[01m[Kint SpeedControlNode::motor_1_channel_[m[Kâ€™ [[01;35m[K]8;;https://gcc.gnu.org/onlinedocs/gcc/Warning-Options.html#index-Wreorder-Wreorder]8;;[m[K]
[1.515s]    38 |         int [01;35m[Kmotor_1_channel_[m[K;
[1.515s]       |             [01;35m[K^~~~~~~~~~~~~~~~[m[K
[1.515s] [01m[K/home/niles/ros2_ws/src/roboteq_controller/src/speed_control_node.cpp:14:9:[m[K [01;35m[Kwarning: [m[K  when initialized here [[01;35m[K]8;;https://gcc.gnu.org/onlinedocs/gcc/Warning-Options.html#index-Wreorder-Wreorder]8;;[m[K]
[1.515s]    14 |         [01;35m[KSpeedControlNode[m[K() : Node("speed_control_node"), port_("/dev/ttyACM0"), baudrate_(115200), motor_1_channel_(1), motor_2_channel_(2)
[1.515s]       |         [01;35m[K^~~~~~~~~~~~~~~~[m[K
[1.530s] [01m[K/home/niles/ros2_ws/src/roboteq_controller/src/speed_control_node.cpp:[m[K In member function â€˜[01m[KSpeedControlNode::Speed SpeedControlNode::[01;32m[Kparse_string[m[K(std::string)[m[Kâ€™:
[1.530s] [01m[K/home/niles/ros2_ws/src/roboteq_controller/src/speed_control_node.cpp:172:32:[m[K [01;31m[Kerror: [m[Kâ€˜[01m[Kprefix_length[m[Kâ€™ was not declared in this scope; did you mean â€˜[01m[Kprefix_length_[m[Kâ€™?
[1.530s]   172 |             token = str.substr([01;31m[Kprefix_length[m[K, str.find(delimiter));
[1.530s]       |                                [01;31m[K^~~~~~~~~~~~~[m[K
[1.530s]       |                                [32m[Kprefix_length_[m[K
[1.534s] [01m[K/home/niles/ros2_ws/src/roboteq_controller/src/speed_control_node.cpp:172:56:[m[K [01;31m[Kerror: [m[Kâ€˜[01m[Kdelimiter[m[Kâ€™ was not declared in this scope; did you mean â€˜[01m[Kdelimiter_[m[Kâ€™?
[1.534s]   172 |             token = str.substr(prefix_length, str.find([01;31m[Kdelimiter[m[K));
[1.534s]       |                                                        [01;31m[K^~~~~~~~~[m[K
[1.534s]       |                                                        [32m[Kdelimiter_[m[K
[2.194s] gmake[2]: *** [CMakeFiles/speed_control_node.dir/build.make:76: CMakeFiles/speed_control_node.dir/src/speed_control_node.cpp.o] Error 1
[2.195s] gmake[1]: *** [CMakeFiles/Makefile2:137: CMakeFiles/speed_control_node.dir/all] Error 2
[2.195s] gmake: *** [Makefile:146: all] Error 2
[2.197s] Invoked command in '/home/niles/ros2_ws/build/roboteq_controller' returned '2': CMAKE_PREFIX_PATH=/opt/ros/jazzy:/home/niles/ros2_ws/install/serial:${CMAKE_PREFIX_PATH} CONDA_PROMPT_MODIFIER=(rss) DEBUGINFOD_URLS=https://debuginfod.ubuntu.com PKG_CONFIG_PATH=/home/niles/ros2_ws/install/serial/lib/x86_64-linux-gnu/pkgconfig:/home/niles/ros2_ws/install/serial/lib/pkgconfig ROS_PACKAGE_PATH=/home/niles/ros2_ws/install/serial/share /usr/bin/cmake --build /home/niles/ros2_ws/build/roboteq_controller -- -j16 -l16
